<?xml version="1.0" encoding="UTF-8"?>
<testsuite xmlns:xsi="http://www.w3.org/2001/XMLSchema-instance" xsi:noNamespaceSchemaLocation="https://maven.apache.org/surefire/maven-surefire-plugin/xsd/surefire-test-report-3.0.xsd" version="3.0" name="org.deeplearning4j.examples.QuickTest" time="492.499" tests="1" errors="0" skipped="0" failures="0">
  <properties>
    <property name="java.specification.version" value="22"/>
    <property name="sun.cpu.isalist" value="amd64"/>
    <property name="sun.jnu.encoding" value="Cp1252"/>
    <property name="java.class.path" value="C:\Users\Sugar\Desktop\Dl4j Custom Models\target\test-classes;C:\Users\Sugar\Desktop\Dl4j Custom Models\target\classes;C:\Users\Sugar\.m2\repository\org\nd4j\nd4j-native\1.0.0-M2.1\nd4j-native-1.0.0-M2.1.jar;C:\Users\Sugar\.m2\repository\org\nd4j\nd4j-native\1.0.0-M2.1\nd4j-native-1.0.0-M2.1-windows-x86_64.jar;C:\Users\Sugar\.m2\repository\org\bytedeco\javacpp\1.5.7\javacpp-1.5.7.jar;C:\Users\Sugar\.m2\repository\org\nd4j\nd4j-api\1.0.0-M2.1\nd4j-api-1.0.0-M2.1.jar;C:\Users\Sugar\.m2\repository\com\jakewharton\byteunits\byteunits\0.9.1\byteunits-0.9.1.jar;C:\Users\Sugar\.m2\repository\org\apache\commons\commons-collections4\4.1\commons-collections4-4.1.jar;C:\Users\Sugar\.m2\repository\com\google\flatbuffers\flatbuffers-java\1.12.0\flatbuffers-java-1.12.0.jar;C:\Users\Sugar\.m2\repository\org\nd4j\protobuf\1.0.0-M2.1\protobuf-1.0.0-M2.1.jar;C:\Users\Sugar\.m2\repository\commons-net\commons-net\3.1\commons-net-3.1.jar;C:\Users\Sugar\.m2\repository\net\ericaro\neoitertools\1.0.0\neoitertools-1.0.0.jar;C:\Users\Sugar\.m2\repository\org\nd4j\nd4j-native-api\1.0.0-M2.1\nd4j-native-api-1.0.0-M2.1.jar;C:\Users\Sugar\.m2\repository\org\nd4j\nd4j-native-preset\1.0.0-M2.1\nd4j-native-preset-1.0.0-M2.1.jar;C:\Users\Sugar\.m2\repository\org\nd4j\nd4j-presets-common\1.0.0-M2.1\nd4j-presets-common-1.0.0-M2.1.jar;C:\Users\Sugar\.m2\repository\org\nd4j\nd4j-native-preset\1.0.0-M2.1\nd4j-native-preset-1.0.0-M2.1-windows-x86_64.jar;C:\Users\Sugar\.m2\repository\org\bytedeco\openblas\0.3.19-1.5.7\openblas-0.3.19-1.5.7.jar;C:\Users\Sugar\.m2\repository\org\bytedeco\openblas\0.3.19-1.5.7\openblas-0.3.19-1.5.7-windows-x86_64.jar;C:\Users\Sugar\.m2\repository\org\bytedeco\javacpp\1.5.7\javacpp-1.5.7-windows-x86_64.jar;C:\Users\Sugar\.m2\repository\org\datavec\datavec-api\1.0.0-M2.1\datavec-api-1.0.0-M2.1.jar;C:\Users\Sugar\.m2\repository\org\apache\commons\commons-lang3\3.11\commons-lang3-3.11.jar;C:\Users\Sugar\.m2\repository\commons-io\commons-io\2.7\commons-io-2.7.jar;C:\Users\Sugar\.m2\repository\commons-codec\commons-codec\1.10\commons-codec-1.10.jar;C:\Users\Sugar\.m2\repository\org\slf4j\slf4j-api\1.7.21\slf4j-api-1.7.21.jar;C:\Users\Sugar\.m2\repository\joda-time\joda-time\2.2\joda-time-2.2.jar;C:\Users\Sugar\.m2\repository\org\nd4j\jackson\1.0.0-M2.1\jackson-1.0.0-M2.1.jar;C:\Users\Sugar\.m2\repository\org\freemarker\freemarker\2.3.23\freemarker-2.3.23.jar;C:\Users\Sugar\.m2\repository\org\nd4j\nd4j-common\1.0.0-M2.1\nd4j-common-1.0.0-M2.1.jar;C:\Users\Sugar\.m2\repository\org\nd4j\guava\1.0.0-M2.1\guava-1.0.0-M2.1.jar;C:\Users\Sugar\.m2\repository\com\clearspring\analytics\stream\2.9.8\stream-2.9.8.jar;C:\Users\Sugar\.m2\repository\net\sf\opencsv\opencsv\2.3\opencsv-2.3.jar;C:\Users\Sugar\.m2\repository\com\tdunning\t-digest\3.2\t-digest-3.2.jar;C:\Users\Sugar\.m2\repository\it\unimi\dsi\fastutil\6.5.7\fastutil-6.5.7.jar;C:\Users\Sugar\.m2\repository\org\datavec\datavec-data-image\1.0.0-M2.1\datavec-data-image-1.0.0-M2.1.jar;C:\Users\Sugar\.m2\repository\com\github\jai-imageio\jai-imageio-core\1.3.0\jai-imageio-core-1.3.0.jar;C:\Users\Sugar\.m2\repository\com\twelvemonkeys\imageio\imageio-jpeg\3.1.1\imageio-jpeg-3.1.1.jar;C:\Users\Sugar\.m2\repository\com\twelvemonkeys\imageio\imageio-core\3.1.1\imageio-core-3.1.1.jar;C:\Users\Sugar\.m2\repository\com\twelvemonkeys\imageio\imageio-metadata\3.1.1\imageio-metadata-3.1.1.jar;C:\Users\Sugar\.m2\repository\com\twelvemonkeys\common\common-lang\3.1.1\common-lang-3.1.1.jar;C:\Users\Sugar\.m2\repository\com\twelvemonkeys\common\common-io\3.1.1\common-io-3.1.1.jar;C:\Users\Sugar\.m2\repository\com\twelvemonkeys\common\common-image\3.1.1\common-image-3.1.1.jar;C:\Users\Sugar\.m2\repository\com\twelvemonkeys\imageio\imageio-tiff\3.1.1\imageio-tiff-3.1.1.jar;C:\Users\Sugar\.m2\repository\com\twelvemonkeys\imageio\imageio-psd\3.1.1\imageio-psd-3.1.1.jar;C:\Users\Sugar\.m2\repository\com\twelvemonkeys\imageio\imageio-bmp\3.1.1\imageio-bmp-3.1.1.jar;C:\Users\Sugar\.m2\repository\org\bytedeco\javacv\1.5.7\javacv-1.5.7.jar;C:\Users\Sugar\.m2\repository\org\bytedeco\opencv\4.5.5-1.5.7\opencv-4.5.5-1.5.7.jar;C:\Users\Sugar\.m2\repository\org\bytedeco\ffmpeg\5.0-1.5.7\ffmpeg-5.0-1.5.7.jar;C:\Users\Sugar\.m2\repository\org\bytedeco\flycapture\2.13.3.31-1.5.7\flycapture-2.13.3.31-1.5.7.jar;C:\Users\Sugar\.m2\repository\org\bytedeco\libdc1394\2.2.6-1.5.7\libdc1394-2.2.6-1.5.7.jar;C:\Users\Sugar\.m2\repository\org\bytedeco\libfreenect\0.5.7-1.5.7\libfreenect-0.5.7-1.5.7.jar;C:\Users\Sugar\.m2\repository\org\bytedeco\libfreenect2\0.2.0-1.5.7\libfreenect2-0.2.0-1.5.7.jar;C:\Users\Sugar\.m2\repository\org\bytedeco\librealsense\1.12.4-1.5.7\librealsense-1.12.4-1.5.7.jar;C:\Users\Sugar\.m2\repository\org\bytedeco\librealsense2\2.50.0-1.5.7\librealsense2-2.50.0-1.5.7.jar;C:\Users\Sugar\.m2\repository\org\bytedeco\videoinput\0.200-1.5.7\videoinput-0.200-1.5.7.jar;C:\Users\Sugar\.m2\repository\org\bytedeco\artoolkitplus\2.3.1-1.5.7\artoolkitplus-2.3.1-1.5.7.jar;C:\Users\Sugar\.m2\repository\org\bytedeco\flandmark\1.07-1.5.7\flandmark-1.07-1.5.7.jar;C:\Users\Sugar\.m2\repository\org\bytedeco\leptonica\1.82.0-1.5.7\leptonica-1.82.0-1.5.7.jar;C:\Users\Sugar\.m2\repository\org\bytedeco\tesseract\5.0.1-1.5.7\tesseract-5.0.1-1.5.7.jar;C:\Users\Sugar\.m2\repository\org\bytedeco\opencv-platform\4.5.5-1.5.7\opencv-platform-4.5.5-1.5.7.jar;C:\Users\Sugar\.m2\repository\org\bytedeco\opencv\4.5.5-1.5.7\opencv-4.5.5-1.5.7-android-arm.jar;C:\Users\Sugar\.m2\repository\org\bytedeco\opencv\4.5.5-1.5.7\opencv-4.5.5-1.5.7-android-arm64.jar;C:\Users\Sugar\.m2\repository\org\bytedeco\opencv\4.5.5-1.5.7\opencv-4.5.5-1.5.7-android-x86.jar;C:\Users\Sugar\.m2\repository\org\bytedeco\opencv\4.5.5-1.5.7\opencv-4.5.5-1.5.7-android-x86_64.jar;C:\Users\Sugar\.m2\repository\org\bytedeco\opencv\4.5.5-1.5.7\opencv-4.5.5-1.5.7-ios-arm64.jar;C:\Users\Sugar\.m2\repository\org\bytedeco\opencv\4.5.5-1.5.7\opencv-4.5.5-1.5.7-ios-x86_64.jar;C:\Users\Sugar\.m2\repository\org\bytedeco\opencv\4.5.5-1.5.7\opencv-4.5.5-1.5.7-linux-x86.jar;C:\Users\Sugar\.m2\repository\org\bytedeco\opencv\4.5.5-1.5.7\opencv-4.5.5-1.5.7-linux-x86_64.jar;C:\Users\Sugar\.m2\repository\org\bytedeco\opencv\4.5.5-1.5.7\opencv-4.5.5-1.5.7-linux-armhf.jar;C:\Users\Sugar\.m2\repository\org\bytedeco\opencv\4.5.5-1.5.7\opencv-4.5.5-1.5.7-linux-arm64.jar;C:\Users\Sugar\.m2\repository\org\bytedeco\opencv\4.5.5-1.5.7\opencv-4.5.5-1.5.7-linux-ppc64le.jar;C:\Users\Sugar\.m2\repository\org\bytedeco\opencv\4.5.5-1.5.7\opencv-4.5.5-1.5.7-macosx-arm64.jar;C:\Users\Sugar\.m2\repository\org\bytedeco\opencv\4.5.5-1.5.7\opencv-4.5.5-1.5.7-macosx-x86_64.jar;C:\Users\Sugar\.m2\repository\org\bytedeco\opencv\4.5.5-1.5.7\opencv-4.5.5-1.5.7-windows-x86.jar;C:\Users\Sugar\.m2\repository\org\bytedeco\opencv\4.5.5-1.5.7\opencv-4.5.5-1.5.7-windows-x86_64.jar;C:\Users\Sugar\.m2\repository\org\bytedeco\leptonica-platform\1.82.0-1.5.7\leptonica-platform-1.82.0-1.5.7.jar;C:\Users\Sugar\.m2\repository\org\bytedeco\javacpp-platform\1.5.7\javacpp-platform-1.5.7.jar;C:\Users\Sugar\.m2\repository\org\bytedeco\javacpp\1.5.7\javacpp-1.5.7-android-arm.jar;C:\Users\Sugar\.m2\repository\org\bytedeco\javacpp\1.5.7\javacpp-1.5.7-android-arm64.jar;C:\Users\Sugar\.m2\repository\org\bytedeco\javacpp\1.5.7\javacpp-1.5.7-android-x86.jar;C:\Users\Sugar\.m2\repository\org\bytedeco\javacpp\1.5.7\javacpp-1.5.7-android-x86_64.jar;C:\Users\Sugar\.m2\repository\org\bytedeco\javacpp\1.5.7\javacpp-1.5.7-ios-arm64.jar;C:\Users\Sugar\.m2\repository\org\bytedeco\javacpp\1.5.7\javacpp-1.5.7-ios-x86_64.jar;C:\Users\Sugar\.m2\repository\org\bytedeco\javacpp\1.5.7\javacpp-1.5.7-linux-armhf.jar;C:\Users\Sugar\.m2\repository\org\bytedeco\javacpp\1.5.7\javacpp-1.5.7-linux-arm64.jar;C:\Users\Sugar\.m2\repository\org\bytedeco\javacpp\1.5.7\javacpp-1.5.7-linux-ppc64le.jar;C:\Users\Sugar\.m2\repository\org\bytedeco\javacpp\1.5.7\javacpp-1.5.7-linux-x86.jar;C:\Users\Sugar\.m2\repository\org\bytedeco\javacpp\1.5.7\javacpp-1.5.7-linux-x86_64.jar;C:\Users\Sugar\.m2\repository\org\bytedeco\javacpp\1.5.7\javacpp-1.5.7-macosx-arm64.jar;C:\Users\Sugar\.m2\repository\org\bytedeco\javacpp\1.5.7\javacpp-1.5.7-macosx-x86_64.jar;C:\Users\Sugar\.m2\repository\org\bytedeco\javacpp\1.5.7\javacpp-1.5.7-windows-x86.jar;C:\Users\Sugar\.m2\repository\org\bytedeco\leptonica\1.82.0-1.5.7\leptonica-1.82.0-1.5.7-android-arm.jar;C:\Users\Sugar\.m2\repository\org\bytedeco\leptonica\1.82.0-1.5.7\leptonica-1.82.0-1.5.7-android-arm64.jar;C:\Users\Sugar\.m2\repository\org\bytedeco\leptonica\1.82.0-1.5.7\leptonica-1.82.0-1.5.7-android-x86.jar;C:\Users\Sugar\.m2\repository\org\bytedeco\leptonica\1.82.0-1.5.7\leptonica-1.82.0-1.5.7-android-x86_64.jar;C:\Users\Sugar\.m2\repository\org\bytedeco\leptonica\1.82.0-1.5.7\leptonica-1.82.0-1.5.7-linux-x86.jar;C:\Users\Sugar\.m2\repository\org\bytedeco\leptonica\1.82.0-1.5.7\leptonica-1.82.0-1.5.7-linux-x86_64.jar;C:\Users\Sugar\.m2\repository\org\bytedeco\leptonica\1.82.0-1.5.7\leptonica-1.82.0-1.5.7-linux-armhf.jar;C:\Users\Sugar\.m2\repository\org\bytedeco\leptonica\1.82.0-1.5.7\leptonica-1.82.0-1.5.7-linux-arm64.jar;C:\Users\Sugar\.m2\repository\org\bytedeco\leptonica\1.82.0-1.5.7\leptonica-1.82.0-1.5.7-linux-ppc64le.jar;C:\Users\Sugar\.m2\repository\org\bytedeco\leptonica\1.82.0-1.5.7\leptonica-1.82.0-1.5.7-macosx-x86_64.jar;C:\Users\Sugar\.m2\repository\org\bytedeco\leptonica\1.82.0-1.5.7\leptonica-1.82.0-1.5.7-windows-x86.jar;C:\Users\Sugar\.m2\repository\org\bytedeco\leptonica\1.82.0-1.5.7\leptonica-1.82.0-1.5.7-windows-x86_64.jar;C:\Users\Sugar\.m2\repository\org\bytedeco\hdf5-platform\1.12.1-1.5.7\hdf5-platform-1.12.1-1.5.7.jar;C:\Users\Sugar\.m2\repository\org\bytedeco\hdf5\1.12.1-1.5.7\hdf5-1.12.1-1.5.7.jar;C:\Users\Sugar\.m2\repository\org\bytedeco\hdf5\1.12.1-1.5.7\hdf5-1.12.1-1.5.7-linux-x86.jar;C:\Users\Sugar\.m2\repository\org\bytedeco\hdf5\1.12.1-1.5.7\hdf5-1.12.1-1.5.7-linux-x86_64.jar;C:\Users\Sugar\.m2\repository\org\bytedeco\hdf5\1.12.1-1.5.7\hdf5-1.12.1-1.5.7-linux-armhf.jar;C:\Users\Sugar\.m2\repository\org\bytedeco\hdf5\1.12.1-1.5.7\hdf5-1.12.1-1.5.7-linux-arm64.jar;C:\Users\Sugar\.m2\repository\org\bytedeco\hdf5\1.12.1-1.5.7\hdf5-1.12.1-1.5.7-linux-ppc64le.jar;C:\Users\Sugar\.m2\repository\org\bytedeco\hdf5\1.12.1-1.5.7\hdf5-1.12.1-1.5.7-macosx-x86_64.jar;C:\Users\Sugar\.m2\repository\org\bytedeco\hdf5\1.12.1-1.5.7\hdf5-1.12.1-1.5.7-windows-x86.jar;C:\Users\Sugar\.m2\repository\org\bytedeco\hdf5\1.12.1-1.5.7\hdf5-1.12.1-1.5.7-windows-x86_64.jar;C:\Users\Sugar\.m2\repository\org\bytedeco\ffmpeg-platform\5.0-1.5.7\ffmpeg-platform-5.0-1.5.7.jar;C:\Users\Sugar\.m2\repository\org\bytedeco\ffmpeg\5.0-1.5.7\ffmpeg-5.0-1.5.7-android-arm.jar;C:\Users\Sugar\.m2\repository\org\bytedeco\ffmpeg\5.0-1.5.7\ffmpeg-5.0-1.5.7-android-arm64.jar;C:\Users\Sugar\.m2\repository\org\bytedeco\ffmpeg\5.0-1.5.7\ffmpeg-5.0-1.5.7-android-x86.jar;C:\Users\Sugar\.m2\repository\org\bytedeco\ffmpeg\5.0-1.5.7\ffmpeg-5.0-1.5.7-android-x86_64.jar;C:\Users\Sugar\.m2\repository\org\bytedeco\ffmpeg\5.0-1.5.7\ffmpeg-5.0-1.5.7-linux-x86.jar;C:\Users\Sugar\.m2\repository\org\bytedeco\ffmpeg\5.0-1.5.7\ffmpeg-5.0-1.5.7-linux-x86_64.jar;C:\Users\Sugar\.m2\repository\org\bytedeco\ffmpeg\5.0-1.5.7\ffmpeg-5.0-1.5.7-linux-armhf.jar;C:\Users\Sugar\.m2\repository\org\bytedeco\ffmpeg\5.0-1.5.7\ffmpeg-5.0-1.5.7-linux-arm64.jar;C:\Users\Sugar\.m2\repository\org\bytedeco\ffmpeg\5.0-1.5.7\ffmpeg-5.0-1.5.7-linux-ppc64le.jar;C:\Users\Sugar\.m2\repository\org\bytedeco\ffmpeg\5.0-1.5.7\ffmpeg-5.0-1.5.7-macosx-arm64.jar;C:\Users\Sugar\.m2\repository\org\bytedeco\ffmpeg\5.0-1.5.7\ffmpeg-5.0-1.5.7-macosx-x86_64.jar;C:\Users\Sugar\.m2\repository\org\bytedeco\ffmpeg\5.0-1.5.7\ffmpeg-5.0-1.5.7-windows-x86.jar;C:\Users\Sugar\.m2\repository\org\bytedeco\ffmpeg\5.0-1.5.7\ffmpeg-5.0-1.5.7-windows-x86_64.jar;C:\Users\Sugar\.m2\repository\org\datavec\datavec-local\1.0.0-M2.1\datavec-local-1.0.0-M2.1.jar;C:\Users\Sugar\.m2\repository\com\codepoetics\protonpack\1.15\protonpack-1.15.jar;C:\Users\Sugar\.m2\repository\org\datavec\datavec-arrow\1.0.0-M2.1\datavec-arrow-1.0.0-M2.1.jar;C:\Users\Sugar\.m2\repository\org\apache\arrow\arrow-vector\6.0.1\arrow-vector-6.0.1.jar;C:\Users\Sugar\.m2\repository\org\apache\arrow\arrow-format\6.0.1\arrow-format-6.0.1.jar;C:\Users\Sugar\.m2\repository\org\apache\arrow\arrow-memory-core\6.0.1\arrow-memory-core-6.0.1.jar;C:\Users\Sugar\.m2\repository\com\fasterxml\jackson\core\jackson-core\2.11.4\jackson-core-2.11.4.jar;C:\Users\Sugar\.m2\repository\com\fasterxml\jackson\core\jackson-annotations\2.11.4\jackson-annotations-2.11.4.jar;C:\Users\Sugar\.m2\repository\com\fasterxml\jackson\core\jackson-databind\2.11.4\jackson-databind-2.11.4.jar;C:\Users\Sugar\.m2\repository\io\netty\netty-common\4.1.68.Final\netty-common-4.1.68.Final.jar;C:\Users\Sugar\.m2\repository\org\nd4j\python4j-numpy\1.0.0-M2.1\python4j-numpy-1.0.0-M2.1.jar;C:\Users\Sugar\.m2\repository\org\bytedeco\numpy-platform\1.22.2-1.5.7\numpy-platform-1.22.2-1.5.7.jar;C:\Users\Sugar\.m2\repository\org\bytedeco\cpython-platform\3.10.2-1.5.7\cpython-platform-3.10.2-1.5.7.jar;C:\Users\Sugar\.m2\repository\org\bytedeco\cpython\3.10.2-1.5.7\cpython-3.10.2-1.5.7.jar;C:\Users\Sugar\.m2\repository\org\bytedeco\cpython\3.10.2-1.5.7\cpython-3.10.2-1.5.7-linux-x86.jar;C:\Users\Sugar\.m2\repository\org\bytedeco\cpython\3.10.2-1.5.7\cpython-3.10.2-1.5.7-linux-x86_64.jar;C:\Users\Sugar\.m2\repository\org\bytedeco\cpython\3.10.2-1.5.7\cpython-3.10.2-1.5.7-linux-armhf.jar;C:\Users\Sugar\.m2\repository\org\bytedeco\cpython\3.10.2-1.5.7\cpython-3.10.2-1.5.7-linux-arm64.jar;C:\Users\Sugar\.m2\repository\org\bytedeco\cpython\3.10.2-1.5.7\cpython-3.10.2-1.5.7-linux-ppc64le.jar;C:\Users\Sugar\.m2\repository\org\bytedeco\cpython\3.10.2-1.5.7\cpython-3.10.2-1.5.7-macosx-x86_64.jar;C:\Users\Sugar\.m2\repository\org\bytedeco\cpython\3.10.2-1.5.7\cpython-3.10.2-1.5.7-windows-x86.jar;C:\Users\Sugar\.m2\repository\org\bytedeco\cpython\3.10.2-1.5.7\cpython-3.10.2-1.5.7-windows-x86_64.jar;C:\Users\Sugar\.m2\repository\org\bytedeco\numpy\1.22.2-1.5.7\numpy-1.22.2-1.5.7.jar;C:\Users\Sugar\.m2\repository\org\bytedeco\numpy\1.22.2-1.5.7\numpy-1.22.2-1.5.7-linux-x86.jar;C:\Users\Sugar\.m2\repository\org\bytedeco\numpy\1.22.2-1.5.7\numpy-1.22.2-1.5.7-linux-x86_64.jar;C:\Users\Sugar\.m2\repository\org\bytedeco\numpy\1.22.2-1.5.7\numpy-1.22.2-1.5.7-linux-armhf.jar;C:\Users\Sugar\.m2\repository\org\bytedeco\numpy\1.22.2-1.5.7\numpy-1.22.2-1.5.7-linux-arm64.jar;C:\Users\Sugar\.m2\repository\org\bytedeco\numpy\1.22.2-1.5.7\numpy-1.22.2-1.5.7-linux-ppc64le.jar;C:\Users\Sugar\.m2\repository\org\bytedeco\numpy\1.22.2-1.5.7\numpy-1.22.2-1.5.7-macosx-x86_64.jar;C:\Users\Sugar\.m2\repository\org\bytedeco\numpy\1.22.2-1.5.7\numpy-1.22.2-1.5.7-windows-x86.jar;C:\Users\Sugar\.m2\repository\org\bytedeco\numpy\1.22.2-1.5.7\numpy-1.22.2-1.5.7-windows-x86_64.jar;C:\Users\Sugar\.m2\repository\org\nd4j\python4j-core\1.0.0-M2.1\python4j-core-1.0.0-M2.1.jar;C:\Users\Sugar\.m2\repository\org\json\json\20190722\json-20190722.jar;C:\Users\Sugar\.m2\repository\org\nd4j\netty-common\1.0.0-M2.1\netty-common-1.0.0-M2.1.jar;C:\Users\Sugar\.m2\repository\org\deeplearning4j\deeplearning4j-datasets\1.0.0-M2.1\deeplearning4j-datasets-1.0.0-M2.1.jar;C:\Users\Sugar\.m2\repository\org\deeplearning4j\deeplearning4j-datavec-iterators\1.0.0-M2.1\deeplearning4j-datavec-iterators-1.0.0-M2.1.jar;C:\Users\Sugar\.m2\repository\org\deeplearning4j\deeplearning4j-core\1.0.0-M2.1\deeplearning4j-core-1.0.0-M2.1.jar;C:\Users\Sugar\.m2\repository\com\sun\activation\javax.activation\1.2.0\javax.activation-1.2.0.jar;C:\Users\Sugar\.m2\repository\org\deeplearning4j\deeplearning4j-modelimport\1.0.0-M2.1\deeplearning4j-modelimport-1.0.0-M2.1.jar;C:\Users\Sugar\.m2\repository\com\google\code\gson\gson\2.8.0\gson-2.8.0.jar;C:\Users\Sugar\.m2\repository\org\deeplearning4j\deeplearning4j-nn\1.0.0-M2.1\deeplearning4j-nn-1.0.0-M2.1.jar;C:\Users\Sugar\.m2\repository\org\deeplearning4j\deeplearning4j-utility-iterators\1.0.0-M2.1\deeplearning4j-utility-iterators-1.0.0-M2.1.jar;C:\Users\Sugar\.m2\repository\org\apache\commons\commons-math3\3.5\commons-math3-3.5.jar;C:\Users\Sugar\.m2\repository\org\apache\commons\commons-compress\1.21\commons-compress-1.21.jar;C:\Users\Sugar\.m2\repository\org\deeplearning4j\deeplearning4j-ui-components\1.0.0-M2.1\deeplearning4j-ui-components-1.0.0-M2.1.jar;C:\Users\Sugar\.m2\repository\com\github\oshi\oshi-json\3.4.2\oshi-json-3.4.2.jar;C:\Users\Sugar\.m2\repository\org\glassfish\javax.json\1.0.4\javax.json-1.0.4.jar;C:\Users\Sugar\.m2\repository\com\github\oshi\oshi-core\3.4.2\oshi-core-3.4.2.jar;C:\Users\Sugar\.m2\repository\net\java\dev\jna\jna-platform\4.3.0\jna-platform-4.3.0.jar;C:\Users\Sugar\.m2\repository\net\java\dev\jna\jna\4.3.0\jna-4.3.0.jar;C:\Users\Sugar\.m2\repository\org\threeten\threetenbp\1.3.3\threetenbp-1.3.3.jar;C:\Users\Sugar\.m2\repository\org\deeplearning4j\resources\1.0.0-M2.1\resources-1.0.0-M2.1.jar;C:\Users\Sugar\.m2\repository\org\deeplearning4j\deeplearning4j-ui\1.0.0-M2.1\deeplearning4j-ui-1.0.0-M2.1.jar;C:\Users\Sugar\.m2\repository\org\deeplearning4j\deeplearning4j-vertx\1.0.0-M2.1\deeplearning4j-vertx-1.0.0-M2.1.jar;C:\Users\Sugar\.m2\repository\io\vertx\vertx-core\3.9.0\vertx-core-3.9.0.jar;C:\Users\Sugar\.m2\repository\io\netty\netty-buffer\4.1.48.Final\netty-buffer-4.1.48.Final.jar;C:\Users\Sugar\.m2\repository\io\netty\netty-transport\4.1.48.Final\netty-transport-4.1.48.Final.jar;C:\Users\Sugar\.m2\repository\io\netty\netty-handler\4.1.48.Final\netty-handler-4.1.48.Final.jar;C:\Users\Sugar\.m2\repository\io\netty\netty-codec\4.1.48.Final\netty-codec-4.1.48.Final.jar;C:\Users\Sugar\.m2\repository\io\netty\netty-handler-proxy\4.1.48.Final\netty-handler-proxy-4.1.48.Final.jar;C:\Users\Sugar\.m2\repository\io\netty\netty-codec-socks\4.1.48.Final\netty-codec-socks-4.1.48.Final.jar;C:\Users\Sugar\.m2\repository\io\netty\netty-codec-http\4.1.48.Final\netty-codec-http-4.1.48.Final.jar;C:\Users\Sugar\.m2\repository\io\netty\netty-codec-http2\4.1.48.Final\netty-codec-http2-4.1.48.Final.jar;C:\Users\Sugar\.m2\repository\io\netty\netty-resolver\4.1.48.Final\netty-resolver-4.1.48.Final.jar;C:\Users\Sugar\.m2\repository\io\netty\netty-resolver-dns\4.1.48.Final\netty-resolver-dns-4.1.48.Final.jar;C:\Users\Sugar\.m2\repository\io\netty\netty-codec-dns\4.1.48.Final\netty-codec-dns-4.1.48.Final.jar;C:\Users\Sugar\.m2\repository\io\vertx\vertx-web\3.9.0\vertx-web-3.9.0.jar;C:\Users\Sugar\.m2\repository\io\vertx\vertx-web-common\3.9.0\vertx-web-common-3.9.0.jar;C:\Users\Sugar\.m2\repository\io\vertx\vertx-auth-common\3.9.0\vertx-auth-common-3.9.0.jar;C:\Users\Sugar\.m2\repository\io\vertx\vertx-bridge-common\3.9.0\vertx-bridge-common-3.9.0.jar;C:\Users\Sugar\.m2\repository\jakarta\xml\bind\jakarta.xml.bind-api\2.3.2\jakarta.xml.bind-api-2.3.2.jar;C:\Users\Sugar\.m2\repository\jakarta\activation\jakarta.activation-api\1.2.1\jakarta.activation-api-1.2.1.jar;C:\Users\Sugar\.m2\repository\org\webjars\npm\babel__polyfill\7.4.4\babel__polyfill-7.4.4.jar;C:\Users\Sugar\.m2\repository\org\webjars\npm\core-js\3.0.0-beta.9\core-js-3.0.0-beta.9.jar;C:\Users\Sugar\.m2\repository\org\webjars\npm\regenerator-runtime\0.13.11\regenerator-runtime-0.13.11.jar;C:\Users\Sugar\.m2\repository\org\webjars\npm\coreui__coreui\2.1.9\coreui__coreui-2.1.9.jar;C:\Users\Sugar\.m2\repository\org\webjars\npm\coreui__icons\0.3.0\coreui__icons-0.3.0.jar;C:\Users\Sugar\.m2\repository\org\webjars\npm\jquery\3.4.1\jquery-3.4.1.jar;C:\Users\Sugar\.m2\repository\org\webjars\bower\popper.js\1.12.9\popper.js-1.12.9.jar;C:\Users\Sugar\.m2\repository\org\webjars\npm\bootstrap\4.3.1\bootstrap-4.3.1.jar;C:\Users\Sugar\.m2\repository\org\webjars\jquery\2.2.0\jquery-2.2.0.jar;C:\Users\Sugar\.m2\repository\org\webjars\jquery-migrate\1.2.1\jquery-migrate-1.2.1.jar;C:\Users\Sugar\.m2\repository\org\webjars\jquery-ui\1.10.2\jquery-ui-1.10.2.jar;C:\Users\Sugar\.m2\repository\org\webjars\modernizr\2.8.3-1\modernizr-2.8.3-1.jar;C:\Users\Sugar\.m2\repository\org\webjars\jquery-cookie\1.4.1-1\jquery-cookie-1.4.1-1.jar;C:\Users\Sugar\.m2\repository\org\webjars\fullcalendar\1.6.4\fullcalendar-1.6.4.jar;C:\Users\Sugar\.m2\repository\org\webjars\excanvas\3\excanvas-3.jar;C:\Users\Sugar\.m2\repository\org\webjars\npm\cytoscape\3.3.3\cytoscape-3.3.3.jar;C:\Users\Sugar\.m2\repository\org\webjars\npm\heap\0.2.7\heap-0.2.7.jar;C:\Users\Sugar\.m2\repository\org\webjars\npm\lodash.debounce\4.0.8\lodash.debounce-4.0.8.jar;C:\Users\Sugar\.m2\repository\org\webjars\bower\cytoscape-dagre\2.1.0\cytoscape-dagre-2.1.0.jar;C:\Users\Sugar\.m2\repository\org\webjars\bower\cytoscape\3.2.5\cytoscape-3.2.5.jar;C:\Users\Sugar\.m2\repository\org\webjars\bower\dagre\0.7.4\dagre-0.7.4.jar;C:\Users\Sugar\.m2\repository\org\webjars\bower\graphlib\1.0.7\graphlib-1.0.7.jar;C:\Users\Sugar\.m2\repository\org\webjars\bower\lodash\3.10.1-amd\lodash-3.10.1-amd.jar;C:\Users\Sugar\.m2\repository\org\webjars\npm\dagre\0.8.4\dagre-0.8.4.jar;C:\Users\Sugar\.m2\repository\org\webjars\npm\graphlib\2.1.8\graphlib-2.1.8.jar;C:\Users\Sugar\.m2\repository\org\webjars\npm\lodash\4.17.21\lodash-4.17.21.jar;C:\Users\Sugar\.m2\repository\org\webjars\npm\cytoscape-cola\2.3.0\cytoscape-cola-2.3.0.jar;C:\Users\Sugar\.m2\repository\org\webjars\npm\webcola\3.3.8\webcola-3.3.8.jar;C:\Users\Sugar\.m2\repository\org\webjars\npm\d3-dispatch\2.0.0-rc.1\d3-dispatch-2.0.0-rc.1.jar;C:\Users\Sugar\.m2\repository\org\webjars\npm\d3-drag\2.0.0-rc.1\d3-drag-2.0.0-rc.1.jar;C:\Users\Sugar\.m2\repository\org\webjars\npm\d3-selection\3.0.0\d3-selection-3.0.0.jar;C:\Users\Sugar\.m2\repository\org\webjars\npm\d3-timer\2.0.0-rc.1\d3-timer-2.0.0-rc.1.jar;C:\Users\Sugar\.m2\repository\org\webjars\npm\cytoscape-cose-bilkent\4.0.0\cytoscape-cose-bilkent-4.0.0.jar;C:\Users\Sugar\.m2\repository\org\webjars\npm\cytoscape-euler\1.2.1\cytoscape-euler-1.2.1.jar;C:\Users\Sugar\.m2\repository\org\webjars\npm\cytoscape-klay\3.1.2\cytoscape-klay-3.1.2.jar;C:\Users\Sugar\.m2\repository\org\webjars\npm\klayjs\0.4.1\klayjs-0.4.1.jar;C:\Users\Sugar\.m2\repository\org\webjars\npm\cytoscape-spread\3.0.0\cytoscape-spread-3.0.0.jar;C:\Users\Sugar\.m2\repository\org\webjars\npm\weaverjs\1.2.0\weaverjs-1.2.0.jar;C:\Users\Sugar\.m2\repository\org\webjars\retinajs\0.0.2\retinajs-0.0.2.jar;C:\Users\Sugar\.m2\repository\org\webjars\flot\0.8.3\flot-0.8.3.jar;C:\Users\Sugar\.m2\repository\org\webjars\explorercanvas\r3-1\explorercanvas-r3-1.jar;C:\Users\Sugar\.m2\repository\org\webjars\chosen\0.9.8\chosen-0.9.8.jar;C:\Users\Sugar\.m2\repository\org\webjars\uniform\2.1.2-1\uniform-2.1.2-1.jar;C:\Users\Sugar\.m2\repository\org\webjars\noty\2.2.2\noty-2.2.2.jar;C:\Users\Sugar\.m2\repository\org\webjars\jquery-raty\2.5.2\jquery-raty-2.5.2.jar;C:\Users\Sugar\.m2\repository\org\webjars\imagesloaded\2.1.1\imagesloaded-2.1.1.jar;C:\Users\Sugar\.m2\repository\org\webjars\masonry\3.1.5\masonry-3.1.5.jar;C:\Users\Sugar\.m2\repository\org\webjars\jquery.sparkline\2.1.2\jquery.sparkline-2.1.2.jar;C:\Users\Sugar\.m2\repository\org\webjars\jquery-knob\1.2.2\jquery-knob-1.2.2.jar;C:\Users\Sugar\.m2\repository\org\webjars\datatables\1.9.4\datatables-1.9.4.jar;C:\Users\Sugar\.m2\repository\org\webjars\jquery-ui-touch-punch\0.2.2\jquery-ui-touch-punch-0.2.2.jar;C:\Users\Sugar\.m2\repository\org\webjars\d3js\3.3.5\d3js-3.3.5.jar;C:\Users\Sugar\.m2\repository\org\webjars\bootstrap-notify\3.1.3-1\bootstrap-notify-3.1.3-1.jar;C:\Users\Sugar\.m2\repository\org\webjars\npm\github-com-jboesch-Gritter\1.7.4\github-com-jboesch-Gritter-1.7.4.jar;C:\Users\Sugar\.m2\repository\org\webjars\bowergithub\stenin-nikita\open-sans\0.1.3\open-sans-0.1.3.jar;C:\Users\Sugar\.m2\repository\org\webjars\font-awesome\3.0.2\font-awesome-3.0.2.jar;C:\Users\Sugar\.m2\repository\org\webjars\bootstrap\2.2.2-1\bootstrap-2.2.2-1.jar;C:\Users\Sugar\.m2\repository\org\webjars\bootstrap-glyphicons\bdd2cbfba0\bootstrap-glyphicons-bdd2cbfba0.jar;C:\Users\Sugar\.m2\repository\org\webjars\npm\flatbuffers\1.9.0\flatbuffers-1.9.0.jar;C:\Users\Sugar\.m2\repository\org\deeplearning4j\deeplearning4j-nlp\1.0.0-M2.1\deeplearning4j-nlp-1.0.0-M2.1.jar;C:\Users\Sugar\.m2\repository\commons-lang\commons-lang\2.6\commons-lang-2.6.jar;C:\Users\Sugar\.m2\repository\org\threadly\threadly\4.10.0\threadly-4.10.0.jar;C:\Users\Sugar\.m2\repository\com\github\vinhkhuc\jfasttext\0.4\jfasttext-0.4.jar;C:\Users\Sugar\.m2\repository\org\deeplearning4j\deeplearning4j-ui-model\1.0.0-M2.1\deeplearning4j-ui-model-1.0.0-M2.1.jar;C:\Users\Sugar\.m2\repository\org\mapdb\mapdb\3.0.5\mapdb-3.0.5.jar;C:\Users\Sugar\.m2\repository\org\eclipse\collections\eclipse-collections-api\7.1.2\eclipse-collections-api-7.1.2.jar;C:\Users\Sugar\.m2\repository\net\jcip\jcip-annotations\1.0\jcip-annotations-1.0.jar;C:\Users\Sugar\.m2\repository\org\eclipse\collections\eclipse-collections\7.1.2\eclipse-collections-7.1.2.jar;C:\Users\Sugar\.m2\repository\org\eclipse\collections\eclipse-collections-forkjoin\7.1.2\eclipse-collections-forkjoin-7.1.2.jar;C:\Users\Sugar\.m2\repository\com\google\guava\guava\19.0\guava-19.0.jar;C:\Users\Sugar\.m2\repository\net\jpountz\lz4\lz4\1.3.0\lz4-1.3.0.jar;C:\Users\Sugar\.m2\repository\org\mapdb\elsa\3.0.0-M5\elsa-3.0.0-M5.jar;C:\Users\Sugar\.m2\repository\org\xerial\sqlite-jdbc\3.15.1\sqlite-jdbc-3.15.1.jar;C:\Users\Sugar\.m2\repository\io\aeron\aeron-all\1.39.0\aeron-all-1.39.0.jar;C:\Users\Sugar\.m2\repository\org\deeplearning4j\deeplearning4j-zoo\1.0.0-M2.1\deeplearning4j-zoo-1.0.0-M2.1.jar;C:\Users\Sugar\.m2\repository\org\deeplearning4j\deeplearning4j-parallel-wrapper\1.0.0-M2.1\deeplearning4j-parallel-wrapper-1.0.0-M2.1.jar;C:\Users\Sugar\.m2\repository\com\beust\jcommander\1.27\jcommander-1.27.jar;C:\Users\Sugar\.m2\repository\org\nd4j\nd4j-parameter-server\1.0.0-M2.1\nd4j-parameter-server-1.0.0-M2.1.jar;C:\Users\Sugar\.m2\repository\org\nd4j\nd4j-parameter-server-model\1.0.0-M2.1\nd4j-parameter-server-model-1.0.0-M2.1.jar;C:\Users\Sugar\.m2\repository\org\nd4j\nd4j-aeron\1.0.0-M2.1\nd4j-aeron-1.0.0-M2.1.jar;C:\Users\Sugar\.m2\repository\com\mashape\unirest\unirest-java\1.4.9\unirest-java-1.4.9.jar;C:\Users\Sugar\.m2\repository\org\apache\httpcomponents\httpasyncclient\4.1.1\httpasyncclient-4.1.1.jar;C:\Users\Sugar\.m2\repository\org\apache\httpcomponents\httpcore-nio\4.4.4\httpcore-nio-4.4.4.jar;C:\Users\Sugar\.m2\repository\org\apache\httpcomponents\httpmime\4.5.2\httpmime-4.5.2.jar;C:\Users\Sugar\.m2\repository\org\nd4j\nd4j-parameter-server-client\1.0.0-M2.1\nd4j-parameter-server-client-1.0.0-M2.1.jar;C:\Users\Sugar\.m2\repository\jfree\jfreechart\1.0.13\jfreechart-1.0.13.jar;C:\Users\Sugar\.m2\repository\jfree\jcommon\1.0.16\jcommon-1.0.16.jar;C:\Users\Sugar\.m2\repository\org\jfree\jcommon\1.0.23\jcommon-1.0.23.jar;C:\Users\Sugar\.m2\repository\org\apache\httpcomponents\httpclient\4.3.5\httpclient-4.3.5.jar;C:\Users\Sugar\.m2\repository\org\apache\httpcomponents\httpcore\4.3.2\httpcore-4.3.2.jar;C:\Users\Sugar\.m2\repository\commons-logging\commons-logging\1.1.3\commons-logging-1.1.3.jar;C:\Users\Sugar\.m2\repository\ch\qos\logback\logback-classic\1.1.7\logback-classic-1.1.7.jar;C:\Users\Sugar\.m2\repository\ch\qos\logback\logback-core\1.1.7\logback-core-1.1.7.jar;C:\Users\Sugar\.m2\repository\org\bytedeco\javacv-platform\1.5.5\javacv-platform-1.5.5.jar;C:\Users\Sugar\.m2\repository\org\bytedeco\openblas-platform\0.3.13-1.5.5\openblas-platform-0.3.13-1.5.5.jar;C:\Users\Sugar\.m2\repository\org\bytedeco\openblas\0.3.13-1.5.5\openblas-0.3.13-1.5.5-android-arm.jar;C:\Users\Sugar\.m2\repository\org\bytedeco\openblas\0.3.13-1.5.5\openblas-0.3.13-1.5.5-android-arm64.jar;C:\Users\Sugar\.m2\repository\org\bytedeco\openblas\0.3.13-1.5.5\openblas-0.3.13-1.5.5-android-x86.jar;C:\Users\Sugar\.m2\repository\org\bytedeco\openblas\0.3.13-1.5.5\openblas-0.3.13-1.5.5-android-x86_64.jar;C:\Users\Sugar\.m2\repository\org\bytedeco\openblas\0.3.13-1.5.5\openblas-0.3.13-1.5.5-ios-arm64.jar;C:\Users\Sugar\.m2\repository\org\bytedeco\openblas\0.3.13-1.5.5\openblas-0.3.13-1.5.5-ios-x86_64.jar;C:\Users\Sugar\.m2\repository\org\bytedeco\openblas\0.3.13-1.5.5\openblas-0.3.13-1.5.5-linux-x86.jar;C:\Users\Sugar\.m2\repository\org\bytedeco\openblas\0.3.13-1.5.5\openblas-0.3.13-1.5.5-linux-x86_64.jar;C:\Users\Sugar\.m2\repository\org\bytedeco\openblas\0.3.13-1.5.5\openblas-0.3.13-1.5.5-linux-armhf.jar;C:\Users\Sugar\.m2\repository\org\bytedeco\openblas\0.3.13-1.5.5\openblas-0.3.13-1.5.5-linux-arm64.jar;C:\Users\Sugar\.m2\repository\org\bytedeco\openblas\0.3.13-1.5.5\openblas-0.3.13-1.5.5-linux-ppc64le.jar;C:\Users\Sugar\.m2\repository\org\bytedeco\openblas\0.3.13-1.5.5\openblas-0.3.13-1.5.5-macosx-x86_64.jar;C:\Users\Sugar\.m2\repository\org\bytedeco\openblas\0.3.13-1.5.5\openblas-0.3.13-1.5.5-windows-x86.jar;C:\Users\Sugar\.m2\repository\org\bytedeco\flycapture-platform\2.13.3.31-1.5.5\flycapture-platform-2.13.3.31-1.5.5.jar;C:\Users\Sugar\.m2\repository\org\bytedeco\flycapture\2.13.3.31-1.5.5\flycapture-2.13.3.31-1.5.5-linux-x86.jar;C:\Users\Sugar\.m2\repository\org\bytedeco\flycapture\2.13.3.31-1.5.5\flycapture-2.13.3.31-1.5.5-linux-x86_64.jar;C:\Users\Sugar\.m2\repository\org\bytedeco\flycapture\2.13.3.31-1.5.5\flycapture-2.13.3.31-1.5.5-linux-armhf.jar;C:\Users\Sugar\.m2\repository\org\bytedeco\flycapture\2.13.3.31-1.5.5\flycapture-2.13.3.31-1.5.5-linux-arm64.jar;C:\Users\Sugar\.m2\repository\org\bytedeco\flycapture\2.13.3.31-1.5.5\flycapture-2.13.3.31-1.5.5-windows-x86.jar;C:\Users\Sugar\.m2\repository\org\bytedeco\flycapture\2.13.3.31-1.5.5\flycapture-2.13.3.31-1.5.5-windows-x86_64.jar;C:\Users\Sugar\.m2\repository\org\bytedeco\libdc1394-platform\2.2.6-1.5.5\libdc1394-platform-2.2.6-1.5.5.jar;C:\Users\Sugar\.m2\repository\org\bytedeco\libdc1394\2.2.6-1.5.5\libdc1394-2.2.6-1.5.5-linux-x86.jar;C:\Users\Sugar\.m2\repository\org\bytedeco\libdc1394\2.2.6-1.5.5\libdc1394-2.2.6-1.5.5-linux-x86_64.jar;C:\Users\Sugar\.m2\repository\org\bytedeco\libdc1394\2.2.6-1.5.5\libdc1394-2.2.6-1.5.5-linux-armhf.jar;C:\Users\Sugar\.m2\repository\org\bytedeco\libdc1394\2.2.6-1.5.5\libdc1394-2.2.6-1.5.5-linux-arm64.jar;C:\Users\Sugar\.m2\repository\org\bytedeco\libdc1394\2.2.6-1.5.5\libdc1394-2.2.6-1.5.5-linux-ppc64le.jar;C:\Users\Sugar\.m2\repository\org\bytedeco\libdc1394\2.2.6-1.5.5\libdc1394-2.2.6-1.5.5-macosx-x86_64.jar;C:\Users\Sugar\.m2\repository\org\bytedeco\libdc1394\2.2.6-1.5.5\libdc1394-2.2.6-1.5.5-windows-x86.jar;C:\Users\Sugar\.m2\repository\org\bytedeco\libdc1394\2.2.6-1.5.5\libdc1394-2.2.6-1.5.5-windows-x86_64.jar;C:\Users\Sugar\.m2\repository\org\bytedeco\libfreenect-platform\0.5.7-1.5.5\libfreenect-platform-0.5.7-1.5.5.jar;C:\Users\Sugar\.m2\repository\org\bytedeco\libfreenect\0.5.7-1.5.5\libfreenect-0.5.7-1.5.5-linux-x86.jar;C:\Users\Sugar\.m2\repository\org\bytedeco\libfreenect\0.5.7-1.5.5\libfreenect-0.5.7-1.5.5-linux-x86_64.jar;C:\Users\Sugar\.m2\repository\org\bytedeco\libfreenect\0.5.7-1.5.5\libfreenect-0.5.7-1.5.5-linux-armhf.jar;C:\Users\Sugar\.m2\repository\org\bytedeco\libfreenect\0.5.7-1.5.5\libfreenect-0.5.7-1.5.5-linux-arm64.jar;C:\Users\Sugar\.m2\repository\org\bytedeco\libfreenect\0.5.7-1.5.5\libfreenect-0.5.7-1.5.5-linux-ppc64le.jar;C:\Users\Sugar\.m2\repository\org\bytedeco\libfreenect\0.5.7-1.5.5\libfreenect-0.5.7-1.5.5-macosx-x86_64.jar;C:\Users\Sugar\.m2\repository\org\bytedeco\libfreenect\0.5.7-1.5.5\libfreenect-0.5.7-1.5.5-windows-x86.jar;C:\Users\Sugar\.m2\repository\org\bytedeco\libfreenect\0.5.7-1.5.5\libfreenect-0.5.7-1.5.5-windows-x86_64.jar;C:\Users\Sugar\.m2\repository\org\bytedeco\libfreenect2-platform\0.2.0-1.5.5\libfreenect2-platform-0.2.0-1.5.5.jar;C:\Users\Sugar\.m2\repository\org\bytedeco\libfreenect2\0.2.0-1.5.5\libfreenect2-0.2.0-1.5.5-linux-x86.jar;C:\Users\Sugar\.m2\repository\org\bytedeco\libfreenect2\0.2.0-1.5.5\libfreenect2-0.2.0-1.5.5-linux-x86_64.jar;C:\Users\Sugar\.m2\repository\org\bytedeco\libfreenect2\0.2.0-1.5.5\libfreenect2-0.2.0-1.5.5-macosx-x86_64.jar;C:\Users\Sugar\.m2\repository\org\bytedeco\libfreenect2\0.2.0-1.5.5\libfreenect2-0.2.0-1.5.5-windows-x86_64.jar;C:\Users\Sugar\.m2\repository\org\bytedeco\librealsense-platform\1.12.4-1.5.5\librealsense-platform-1.12.4-1.5.5.jar;C:\Users\Sugar\.m2\repository\org\bytedeco\librealsense\1.12.4-1.5.5\librealsense-1.12.4-1.5.5-linux-armhf.jar;C:\Users\Sugar\.m2\repository\org\bytedeco\librealsense\1.12.4-1.5.5\librealsense-1.12.4-1.5.5-linux-arm64.jar;C:\Users\Sugar\.m2\repository\org\bytedeco\librealsense\1.12.4-1.5.5\librealsense-1.12.4-1.5.5-linux-x86.jar;C:\Users\Sugar\.m2\repository\org\bytedeco\librealsense\1.12.4-1.5.5\librealsense-1.12.4-1.5.5-linux-x86_64.jar;C:\Users\Sugar\.m2\repository\org\bytedeco\librealsense\1.12.4-1.5.5\librealsense-1.12.4-1.5.5-macosx-x86_64.jar;C:\Users\Sugar\.m2\repository\org\bytedeco\librealsense\1.12.4-1.5.5\librealsense-1.12.4-1.5.5-windows-x86.jar;C:\Users\Sugar\.m2\repository\org\bytedeco\librealsense\1.12.4-1.5.5\librealsense-1.12.4-1.5.5-windows-x86_64.jar;C:\Users\Sugar\.m2\repository\org\bytedeco\librealsense2-platform\2.40.0-1.5.5\librealsense2-platform-2.40.0-1.5.5.jar;C:\Users\Sugar\.m2\repository\org\bytedeco\librealsense2\2.40.0-1.5.5\librealsense2-2.40.0-1.5.5-linux-armhf.jar;C:\Users\Sugar\.m2\repository\org\bytedeco\librealsense2\2.40.0-1.5.5\librealsense2-2.40.0-1.5.5-linux-arm64.jar;C:\Users\Sugar\.m2\repository\org\bytedeco\librealsense2\2.40.0-1.5.5\librealsense2-2.40.0-1.5.5-linux-x86.jar;C:\Users\Sugar\.m2\repository\org\bytedeco\librealsense2\2.40.0-1.5.5\librealsense2-2.40.0-1.5.5-linux-x86_64.jar;C:\Users\Sugar\.m2\repository\org\bytedeco\librealsense2\2.40.0-1.5.5\librealsense2-2.40.0-1.5.5-macosx-x86_64.jar;C:\Users\Sugar\.m2\repository\org\bytedeco\librealsense2\2.40.0-1.5.5\librealsense2-2.40.0-1.5.5-windows-x86.jar;C:\Users\Sugar\.m2\repository\org\bytedeco\librealsense2\2.40.0-1.5.5\librealsense2-2.40.0-1.5.5-windows-x86_64.jar;C:\Users\Sugar\.m2\repository\org\bytedeco\videoinput-platform\0.200-1.5.5\videoinput-platform-0.200-1.5.5.jar;C:\Users\Sugar\.m2\repository\org\bytedeco\videoinput\0.200-1.5.5\videoinput-0.200-1.5.5-windows-x86.jar;C:\Users\Sugar\.m2\repository\org\bytedeco\videoinput\0.200-1.5.5\videoinput-0.200-1.5.5-windows-x86_64.jar;C:\Users\Sugar\.m2\repository\org\bytedeco\artoolkitplus-platform\2.3.1-1.5.5\artoolkitplus-platform-2.3.1-1.5.5.jar;C:\Users\Sugar\.m2\repository\org\bytedeco\artoolkitplus\2.3.1-1.5.5\artoolkitplus-2.3.1-1.5.5-android-arm.jar;C:\Users\Sugar\.m2\repository\org\bytedeco\artoolkitplus\2.3.1-1.5.5\artoolkitplus-2.3.1-1.5.5-android-arm64.jar;C:\Users\Sugar\.m2\repository\org\bytedeco\artoolkitplus\2.3.1-1.5.5\artoolkitplus-2.3.1-1.5.5-android-x86.jar;C:\Users\Sugar\.m2\repository\org\bytedeco\artoolkitplus\2.3.1-1.5.5\artoolkitplus-2.3.1-1.5.5-android-x86_64.jar;C:\Users\Sugar\.m2\repository\org\bytedeco\artoolkitplus\2.3.1-1.5.5\artoolkitplus-2.3.1-1.5.5-linux-x86.jar;C:\Users\Sugar\.m2\repository\org\bytedeco\artoolkitplus\2.3.1-1.5.5\artoolkitplus-2.3.1-1.5.5-linux-x86_64.jar;C:\Users\Sugar\.m2\repository\org\bytedeco\artoolkitplus\2.3.1-1.5.5\artoolkitplus-2.3.1-1.5.5-linux-armhf.jar;C:\Users\Sugar\.m2\repository\org\bytedeco\artoolkitplus\2.3.1-1.5.5\artoolkitplus-2.3.1-1.5.5-linux-arm64.jar;C:\Users\Sugar\.m2\repository\org\bytedeco\artoolkitplus\2.3.1-1.5.5\artoolkitplus-2.3.1-1.5.5-linux-ppc64le.jar;C:\Users\Sugar\.m2\repository\org\bytedeco\artoolkitplus\2.3.1-1.5.5\artoolkitplus-2.3.1-1.5.5-macosx-x86_64.jar;C:\Users\Sugar\.m2\repository\org\bytedeco\artoolkitplus\2.3.1-1.5.5\artoolkitplus-2.3.1-1.5.5-windows-x86.jar;C:\Users\Sugar\.m2\repository\org\bytedeco\artoolkitplus\2.3.1-1.5.5\artoolkitplus-2.3.1-1.5.5-windows-x86_64.jar;C:\Users\Sugar\.m2\repository\org\bytedeco\flandmark-platform\1.07-1.5.5\flandmark-platform-1.07-1.5.5.jar;C:\Users\Sugar\.m2\repository\org\bytedeco\flandmark\1.07-1.5.5\flandmark-1.07-1.5.5-android-arm.jar;C:\Users\Sugar\.m2\repository\org\bytedeco\flandmark\1.07-1.5.5\flandmark-1.07-1.5.5-android-arm64.jar;C:\Users\Sugar\.m2\repository\org\bytedeco\flandmark\1.07-1.5.5\flandmark-1.07-1.5.5-android-x86.jar;C:\Users\Sugar\.m2\repository\org\bytedeco\flandmark\1.07-1.5.5\flandmark-1.07-1.5.5-android-x86_64.jar;C:\Users\Sugar\.m2\repository\org\bytedeco\flandmark\1.07-1.5.5\flandmark-1.07-1.5.5-linux-x86.jar;C:\Users\Sugar\.m2\repository\org\bytedeco\flandmark\1.07-1.5.5\flandmark-1.07-1.5.5-linux-x86_64.jar;C:\Users\Sugar\.m2\repository\org\bytedeco\flandmark\1.07-1.5.5\flandmark-1.07-1.5.5-linux-armhf.jar;C:\Users\Sugar\.m2\repository\org\bytedeco\flandmark\1.07-1.5.5\flandmark-1.07-1.5.5-linux-arm64.jar;C:\Users\Sugar\.m2\repository\org\bytedeco\flandmark\1.07-1.5.5\flandmark-1.07-1.5.5-linux-ppc64le.jar;C:\Users\Sugar\.m2\repository\org\bytedeco\flandmark\1.07-1.5.5\flandmark-1.07-1.5.5-macosx-x86_64.jar;C:\Users\Sugar\.m2\repository\org\bytedeco\flandmark\1.07-1.5.5\flandmark-1.07-1.5.5-windows-x86.jar;C:\Users\Sugar\.m2\repository\org\bytedeco\flandmark\1.07-1.5.5\flandmark-1.07-1.5.5-windows-x86_64.jar;C:\Users\Sugar\.m2\repository\org\bytedeco\tesseract-platform\4.1.1-1.5.5\tesseract-platform-4.1.1-1.5.5.jar;C:\Users\Sugar\.m2\repository\org\bytedeco\tesseract\4.1.1-1.5.5\tesseract-4.1.1-1.5.5-android-arm.jar;C:\Users\Sugar\.m2\repository\org\bytedeco\tesseract\4.1.1-1.5.5\tesseract-4.1.1-1.5.5-android-arm64.jar;C:\Users\Sugar\.m2\repository\org\bytedeco\tesseract\4.1.1-1.5.5\tesseract-4.1.1-1.5.5-android-x86.jar;C:\Users\Sugar\.m2\repository\org\bytedeco\tesseract\4.1.1-1.5.5\tesseract-4.1.1-1.5.5-android-x86_64.jar;C:\Users\Sugar\.m2\repository\org\bytedeco\tesseract\4.1.1-1.5.5\tesseract-4.1.1-1.5.5-linux-x86.jar;C:\Users\Sugar\.m2\repository\org\bytedeco\tesseract\4.1.1-1.5.5\tesseract-4.1.1-1.5.5-linux-x86_64.jar;C:\Users\Sugar\.m2\repository\org\bytedeco\tesseract\4.1.1-1.5.5\tesseract-4.1.1-1.5.5-linux-armhf.jar;C:\Users\Sugar\.m2\repository\org\bytedeco\tesseract\4.1.1-1.5.5\tesseract-4.1.1-1.5.5-linux-arm64.jar;C:\Users\Sugar\.m2\repository\org\bytedeco\tesseract\4.1.1-1.5.5\tesseract-4.1.1-1.5.5-linux-ppc64le.jar;C:\Users\Sugar\.m2\repository\org\bytedeco\tesseract\4.1.1-1.5.5\tesseract-4.1.1-1.5.5-macosx-x86_64.jar;C:\Users\Sugar\.m2\repository\org\bytedeco\tesseract\4.1.1-1.5.5\tesseract-4.1.1-1.5.5-windows-x86.jar;C:\Users\Sugar\.m2\repository\org\bytedeco\tesseract\4.1.1-1.5.5\tesseract-4.1.1-1.5.5-windows-x86_64.jar;C:\Users\Sugar\.m2\repository\org\junit\jupiter\junit-jupiter-engine\5.8.0-M1\junit-jupiter-engine-5.8.0-M1.jar;C:\Users\Sugar\.m2\repository\org\apiguardian\apiguardian-api\1.1.1\apiguardian-api-1.1.1.jar;C:\Users\Sugar\.m2\repository\org\junit\platform\junit-platform-engine\1.8.0-M1\junit-platform-engine-1.8.0-M1.jar;C:\Users\Sugar\.m2\repository\org\jetbrains\kotlin\kotlin-stdlib-jdk8\1.4.20\kotlin-stdlib-jdk8-1.4.20.jar;C:\Users\Sugar\.m2\repository\org\jetbrains\kotlin\kotlin-stdlib\1.4.20\kotlin-stdlib-1.4.20.jar;C:\Users\Sugar\.m2\repository\org\jetbrains\kotlin\kotlin-stdlib-common\1.4.20\kotlin-stdlib-common-1.4.20.jar;C:\Users\Sugar\.m2\repository\org\jetbrains\annotations\13.0\annotations-13.0.jar;C:\Users\Sugar\.m2\repository\org\jetbrains\kotlin\kotlin-stdlib-jdk7\1.4.20\kotlin-stdlib-jdk7-1.4.20.jar;C:\Users\Sugar\.m2\repository\org\junit\jupiter\junit-jupiter-api\5.8.0-M1\junit-jupiter-api-5.8.0-M1.jar;C:\Users\Sugar\.m2\repository\org\opentest4j\opentest4j\1.2.0\opentest4j-1.2.0.jar;C:\Users\Sugar\.m2\repository\org\junit\platform\junit-platform-commons\1.8.0-M1\junit-platform-commons-1.8.0-M1.jar;"/>
    <property name="java.vm.vendor" value="Oracle Corporation"/>
    <property name="sun.arch.data.model" value="64"/>
    <property name="user.variant" value=""/>
    <property name="java.vendor.url" value="https://java.oracle.com/"/>
    <property name="user.timezone" value="Asia/Calcutta"/>
    <property name="os.name" value="Windows 10"/>
    <property name="java.vm.specification.version" value="22"/>
    <property name="user.country" value="GB"/>
    <property name="sun.java.launcher" value="SUN_STANDARD"/>
    <property name="sun.boot.library.path" value="C:\Oracle_JDK-22\bin"/>
    <property name="sun.java.command" value="C:\Users\Sugar\AppData\Local\Temp\surefire1031177673105203339\surefirebooter15202840669131149299.jar C:\Users\Sugar\AppData\Local\Temp\surefire1031177673105203339 2024-09-27T14-57-57_053-jvmRun1 surefire14017099707143849536tmp surefire_0565433599279816854tmp"/>
    <property name="jdk.debug" value="release"/>
    <property name="test" value="${packageClassName}"/>
    <property name="surefire.test.class.path" value="C:\Users\Sugar\Desktop\Dl4j Custom Models\target\test-classes;C:\Users\Sugar\Desktop\Dl4j Custom Models\target\classes;C:\Users\Sugar\.m2\repository\org\nd4j\nd4j-native\1.0.0-M2.1\nd4j-native-1.0.0-M2.1.jar;C:\Users\Sugar\.m2\repository\org\nd4j\nd4j-native\1.0.0-M2.1\nd4j-native-1.0.0-M2.1-windows-x86_64.jar;C:\Users\Sugar\.m2\repository\org\bytedeco\javacpp\1.5.7\javacpp-1.5.7.jar;C:\Users\Sugar\.m2\repository\org\nd4j\nd4j-api\1.0.0-M2.1\nd4j-api-1.0.0-M2.1.jar;C:\Users\Sugar\.m2\repository\com\jakewharton\byteunits\byteunits\0.9.1\byteunits-0.9.1.jar;C:\Users\Sugar\.m2\repository\org\apache\commons\commons-collections4\4.1\commons-collections4-4.1.jar;C:\Users\Sugar\.m2\repository\com\google\flatbuffers\flatbuffers-java\1.12.0\flatbuffers-java-1.12.0.jar;C:\Users\Sugar\.m2\repository\org\nd4j\protobuf\1.0.0-M2.1\protobuf-1.0.0-M2.1.jar;C:\Users\Sugar\.m2\repository\commons-net\commons-net\3.1\commons-net-3.1.jar;C:\Users\Sugar\.m2\repository\net\ericaro\neoitertools\1.0.0\neoitertools-1.0.0.jar;C:\Users\Sugar\.m2\repository\org\nd4j\nd4j-native-api\1.0.0-M2.1\nd4j-native-api-1.0.0-M2.1.jar;C:\Users\Sugar\.m2\repository\org\nd4j\nd4j-native-preset\1.0.0-M2.1\nd4j-native-preset-1.0.0-M2.1.jar;C:\Users\Sugar\.m2\repository\org\nd4j\nd4j-presets-common\1.0.0-M2.1\nd4j-presets-common-1.0.0-M2.1.jar;C:\Users\Sugar\.m2\repository\org\nd4j\nd4j-native-preset\1.0.0-M2.1\nd4j-native-preset-1.0.0-M2.1-windows-x86_64.jar;C:\Users\Sugar\.m2\repository\org\bytedeco\openblas\0.3.19-1.5.7\openblas-0.3.19-1.5.7.jar;C:\Users\Sugar\.m2\repository\org\bytedeco\openblas\0.3.19-1.5.7\openblas-0.3.19-1.5.7-windows-x86_64.jar;C:\Users\Sugar\.m2\repository\org\bytedeco\javacpp\1.5.7\javacpp-1.5.7-windows-x86_64.jar;C:\Users\Sugar\.m2\repository\org\datavec\datavec-api\1.0.0-M2.1\datavec-api-1.0.0-M2.1.jar;C:\Users\Sugar\.m2\repository\org\apache\commons\commons-lang3\3.11\commons-lang3-3.11.jar;C:\Users\Sugar\.m2\repository\commons-io\commons-io\2.7\commons-io-2.7.jar;C:\Users\Sugar\.m2\repository\commons-codec\commons-codec\1.10\commons-codec-1.10.jar;C:\Users\Sugar\.m2\repository\org\slf4j\slf4j-api\1.7.21\slf4j-api-1.7.21.jar;C:\Users\Sugar\.m2\repository\joda-time\joda-time\2.2\joda-time-2.2.jar;C:\Users\Sugar\.m2\repository\org\nd4j\jackson\1.0.0-M2.1\jackson-1.0.0-M2.1.jar;C:\Users\Sugar\.m2\repository\org\freemarker\freemarker\2.3.23\freemarker-2.3.23.jar;C:\Users\Sugar\.m2\repository\org\nd4j\nd4j-common\1.0.0-M2.1\nd4j-common-1.0.0-M2.1.jar;C:\Users\Sugar\.m2\repository\org\nd4j\guava\1.0.0-M2.1\guava-1.0.0-M2.1.jar;C:\Users\Sugar\.m2\repository\com\clearspring\analytics\stream\2.9.8\stream-2.9.8.jar;C:\Users\Sugar\.m2\repository\net\sf\opencsv\opencsv\2.3\opencsv-2.3.jar;C:\Users\Sugar\.m2\repository\com\tdunning\t-digest\3.2\t-digest-3.2.jar;C:\Users\Sugar\.m2\repository\it\unimi\dsi\fastutil\6.5.7\fastutil-6.5.7.jar;C:\Users\Sugar\.m2\repository\org\datavec\datavec-data-image\1.0.0-M2.1\datavec-data-image-1.0.0-M2.1.jar;C:\Users\Sugar\.m2\repository\com\github\jai-imageio\jai-imageio-core\1.3.0\jai-imageio-core-1.3.0.jar;C:\Users\Sugar\.m2\repository\com\twelvemonkeys\imageio\imageio-jpeg\3.1.1\imageio-jpeg-3.1.1.jar;C:\Users\Sugar\.m2\repository\com\twelvemonkeys\imageio\imageio-core\3.1.1\imageio-core-3.1.1.jar;C:\Users\Sugar\.m2\repository\com\twelvemonkeys\imageio\imageio-metadata\3.1.1\imageio-metadata-3.1.1.jar;C:\Users\Sugar\.m2\repository\com\twelvemonkeys\common\common-lang\3.1.1\common-lang-3.1.1.jar;C:\Users\Sugar\.m2\repository\com\twelvemonkeys\common\common-io\3.1.1\common-io-3.1.1.jar;C:\Users\Sugar\.m2\repository\com\twelvemonkeys\common\common-image\3.1.1\common-image-3.1.1.jar;C:\Users\Sugar\.m2\repository\com\twelvemonkeys\imageio\imageio-tiff\3.1.1\imageio-tiff-3.1.1.jar;C:\Users\Sugar\.m2\repository\com\twelvemonkeys\imageio\imageio-psd\3.1.1\imageio-psd-3.1.1.jar;C:\Users\Sugar\.m2\repository\com\twelvemonkeys\imageio\imageio-bmp\3.1.1\imageio-bmp-3.1.1.jar;C:\Users\Sugar\.m2\repository\org\bytedeco\javacv\1.5.7\javacv-1.5.7.jar;C:\Users\Sugar\.m2\repository\org\bytedeco\opencv\4.5.5-1.5.7\opencv-4.5.5-1.5.7.jar;C:\Users\Sugar\.m2\repository\org\bytedeco\ffmpeg\5.0-1.5.7\ffmpeg-5.0-1.5.7.jar;C:\Users\Sugar\.m2\repository\org\bytedeco\flycapture\2.13.3.31-1.5.7\flycapture-2.13.3.31-1.5.7.jar;C:\Users\Sugar\.m2\repository\org\bytedeco\libdc1394\2.2.6-1.5.7\libdc1394-2.2.6-1.5.7.jar;C:\Users\Sugar\.m2\repository\org\bytedeco\libfreenect\0.5.7-1.5.7\libfreenect-0.5.7-1.5.7.jar;C:\Users\Sugar\.m2\repository\org\bytedeco\libfreenect2\0.2.0-1.5.7\libfreenect2-0.2.0-1.5.7.jar;C:\Users\Sugar\.m2\repository\org\bytedeco\librealsense\1.12.4-1.5.7\librealsense-1.12.4-1.5.7.jar;C:\Users\Sugar\.m2\repository\org\bytedeco\librealsense2\2.50.0-1.5.7\librealsense2-2.50.0-1.5.7.jar;C:\Users\Sugar\.m2\repository\org\bytedeco\videoinput\0.200-1.5.7\videoinput-0.200-1.5.7.jar;C:\Users\Sugar\.m2\repository\org\bytedeco\artoolkitplus\2.3.1-1.5.7\artoolkitplus-2.3.1-1.5.7.jar;C:\Users\Sugar\.m2\repository\org\bytedeco\flandmark\1.07-1.5.7\flandmark-1.07-1.5.7.jar;C:\Users\Sugar\.m2\repository\org\bytedeco\leptonica\1.82.0-1.5.7\leptonica-1.82.0-1.5.7.jar;C:\Users\Sugar\.m2\repository\org\bytedeco\tesseract\5.0.1-1.5.7\tesseract-5.0.1-1.5.7.jar;C:\Users\Sugar\.m2\repository\org\bytedeco\opencv-platform\4.5.5-1.5.7\opencv-platform-4.5.5-1.5.7.jar;C:\Users\Sugar\.m2\repository\org\bytedeco\opencv\4.5.5-1.5.7\opencv-4.5.5-1.5.7-android-arm.jar;C:\Users\Sugar\.m2\repository\org\bytedeco\opencv\4.5.5-1.5.7\opencv-4.5.5-1.5.7-android-arm64.jar;C:\Users\Sugar\.m2\repository\org\bytedeco\opencv\4.5.5-1.5.7\opencv-4.5.5-1.5.7-android-x86.jar;C:\Users\Sugar\.m2\repository\org\bytedeco\opencv\4.5.5-1.5.7\opencv-4.5.5-1.5.7-android-x86_64.jar;C:\Users\Sugar\.m2\repository\org\bytedeco\opencv\4.5.5-1.5.7\opencv-4.5.5-1.5.7-ios-arm64.jar;C:\Users\Sugar\.m2\repository\org\bytedeco\opencv\4.5.5-1.5.7\opencv-4.5.5-1.5.7-ios-x86_64.jar;C:\Users\Sugar\.m2\repository\org\bytedeco\opencv\4.5.5-1.5.7\opencv-4.5.5-1.5.7-linux-x86.jar;C:\Users\Sugar\.m2\repository\org\bytedeco\opencv\4.5.5-1.5.7\opencv-4.5.5-1.5.7-linux-x86_64.jar;C:\Users\Sugar\.m2\repository\org\bytedeco\opencv\4.5.5-1.5.7\opencv-4.5.5-1.5.7-linux-armhf.jar;C:\Users\Sugar\.m2\repository\org\bytedeco\opencv\4.5.5-1.5.7\opencv-4.5.5-1.5.7-linux-arm64.jar;C:\Users\Sugar\.m2\repository\org\bytedeco\opencv\4.5.5-1.5.7\opencv-4.5.5-1.5.7-linux-ppc64le.jar;C:\Users\Sugar\.m2\repository\org\bytedeco\opencv\4.5.5-1.5.7\opencv-4.5.5-1.5.7-macosx-arm64.jar;C:\Users\Sugar\.m2\repository\org\bytedeco\opencv\4.5.5-1.5.7\opencv-4.5.5-1.5.7-macosx-x86_64.jar;C:\Users\Sugar\.m2\repository\org\bytedeco\opencv\4.5.5-1.5.7\opencv-4.5.5-1.5.7-windows-x86.jar;C:\Users\Sugar\.m2\repository\org\bytedeco\opencv\4.5.5-1.5.7\opencv-4.5.5-1.5.7-windows-x86_64.jar;C:\Users\Sugar\.m2\repository\org\bytedeco\leptonica-platform\1.82.0-1.5.7\leptonica-platform-1.82.0-1.5.7.jar;C:\Users\Sugar\.m2\repository\org\bytedeco\javacpp-platform\1.5.7\javacpp-platform-1.5.7.jar;C:\Users\Sugar\.m2\repository\org\bytedeco\javacpp\1.5.7\javacpp-1.5.7-android-arm.jar;C:\Users\Sugar\.m2\repository\org\bytedeco\javacpp\1.5.7\javacpp-1.5.7-android-arm64.jar;C:\Users\Sugar\.m2\repository\org\bytedeco\javacpp\1.5.7\javacpp-1.5.7-android-x86.jar;C:\Users\Sugar\.m2\repository\org\bytedeco\javacpp\1.5.7\javacpp-1.5.7-android-x86_64.jar;C:\Users\Sugar\.m2\repository\org\bytedeco\javacpp\1.5.7\javacpp-1.5.7-ios-arm64.jar;C:\Users\Sugar\.m2\repository\org\bytedeco\javacpp\1.5.7\javacpp-1.5.7-ios-x86_64.jar;C:\Users\Sugar\.m2\repository\org\bytedeco\javacpp\1.5.7\javacpp-1.5.7-linux-armhf.jar;C:\Users\Sugar\.m2\repository\org\bytedeco\javacpp\1.5.7\javacpp-1.5.7-linux-arm64.jar;C:\Users\Sugar\.m2\repository\org\bytedeco\javacpp\1.5.7\javacpp-1.5.7-linux-ppc64le.jar;C:\Users\Sugar\.m2\repository\org\bytedeco\javacpp\1.5.7\javacpp-1.5.7-linux-x86.jar;C:\Users\Sugar\.m2\repository\org\bytedeco\javacpp\1.5.7\javacpp-1.5.7-linux-x86_64.jar;C:\Users\Sugar\.m2\repository\org\bytedeco\javacpp\1.5.7\javacpp-1.5.7-macosx-arm64.jar;C:\Users\Sugar\.m2\repository\org\bytedeco\javacpp\1.5.7\javacpp-1.5.7-macosx-x86_64.jar;C:\Users\Sugar\.m2\repository\org\bytedeco\javacpp\1.5.7\javacpp-1.5.7-windows-x86.jar;C:\Users\Sugar\.m2\repository\org\bytedeco\leptonica\1.82.0-1.5.7\leptonica-1.82.0-1.5.7-android-arm.jar;C:\Users\Sugar\.m2\repository\org\bytedeco\leptonica\1.82.0-1.5.7\leptonica-1.82.0-1.5.7-android-arm64.jar;C:\Users\Sugar\.m2\repository\org\bytedeco\leptonica\1.82.0-1.5.7\leptonica-1.82.0-1.5.7-android-x86.jar;C:\Users\Sugar\.m2\repository\org\bytedeco\leptonica\1.82.0-1.5.7\leptonica-1.82.0-1.5.7-android-x86_64.jar;C:\Users\Sugar\.m2\repository\org\bytedeco\leptonica\1.82.0-1.5.7\leptonica-1.82.0-1.5.7-linux-x86.jar;C:\Users\Sugar\.m2\repository\org\bytedeco\leptonica\1.82.0-1.5.7\leptonica-1.82.0-1.5.7-linux-x86_64.jar;C:\Users\Sugar\.m2\repository\org\bytedeco\leptonica\1.82.0-1.5.7\leptonica-1.82.0-1.5.7-linux-armhf.jar;C:\Users\Sugar\.m2\repository\org\bytedeco\leptonica\1.82.0-1.5.7\leptonica-1.82.0-1.5.7-linux-arm64.jar;C:\Users\Sugar\.m2\repository\org\bytedeco\leptonica\1.82.0-1.5.7\leptonica-1.82.0-1.5.7-linux-ppc64le.jar;C:\Users\Sugar\.m2\repository\org\bytedeco\leptonica\1.82.0-1.5.7\leptonica-1.82.0-1.5.7-macosx-x86_64.jar;C:\Users\Sugar\.m2\repository\org\bytedeco\leptonica\1.82.0-1.5.7\leptonica-1.82.0-1.5.7-windows-x86.jar;C:\Users\Sugar\.m2\repository\org\bytedeco\leptonica\1.82.0-1.5.7\leptonica-1.82.0-1.5.7-windows-x86_64.jar;C:\Users\Sugar\.m2\repository\org\bytedeco\hdf5-platform\1.12.1-1.5.7\hdf5-platform-1.12.1-1.5.7.jar;C:\Users\Sugar\.m2\repository\org\bytedeco\hdf5\1.12.1-1.5.7\hdf5-1.12.1-1.5.7.jar;C:\Users\Sugar\.m2\repository\org\bytedeco\hdf5\1.12.1-1.5.7\hdf5-1.12.1-1.5.7-linux-x86.jar;C:\Users\Sugar\.m2\repository\org\bytedeco\hdf5\1.12.1-1.5.7\hdf5-1.12.1-1.5.7-linux-x86_64.jar;C:\Users\Sugar\.m2\repository\org\bytedeco\hdf5\1.12.1-1.5.7\hdf5-1.12.1-1.5.7-linux-armhf.jar;C:\Users\Sugar\.m2\repository\org\bytedeco\hdf5\1.12.1-1.5.7\hdf5-1.12.1-1.5.7-linux-arm64.jar;C:\Users\Sugar\.m2\repository\org\bytedeco\hdf5\1.12.1-1.5.7\hdf5-1.12.1-1.5.7-linux-ppc64le.jar;C:\Users\Sugar\.m2\repository\org\bytedeco\hdf5\1.12.1-1.5.7\hdf5-1.12.1-1.5.7-macosx-x86_64.jar;C:\Users\Sugar\.m2\repository\org\bytedeco\hdf5\1.12.1-1.5.7\hdf5-1.12.1-1.5.7-windows-x86.jar;C:\Users\Sugar\.m2\repository\org\bytedeco\hdf5\1.12.1-1.5.7\hdf5-1.12.1-1.5.7-windows-x86_64.jar;C:\Users\Sugar\.m2\repository\org\bytedeco\ffmpeg-platform\5.0-1.5.7\ffmpeg-platform-5.0-1.5.7.jar;C:\Users\Sugar\.m2\repository\org\bytedeco\ffmpeg\5.0-1.5.7\ffmpeg-5.0-1.5.7-android-arm.jar;C:\Users\Sugar\.m2\repository\org\bytedeco\ffmpeg\5.0-1.5.7\ffmpeg-5.0-1.5.7-android-arm64.jar;C:\Users\Sugar\.m2\repository\org\bytedeco\ffmpeg\5.0-1.5.7\ffmpeg-5.0-1.5.7-android-x86.jar;C:\Users\Sugar\.m2\repository\org\bytedeco\ffmpeg\5.0-1.5.7\ffmpeg-5.0-1.5.7-android-x86_64.jar;C:\Users\Sugar\.m2\repository\org\bytedeco\ffmpeg\5.0-1.5.7\ffmpeg-5.0-1.5.7-linux-x86.jar;C:\Users\Sugar\.m2\repository\org\bytedeco\ffmpeg\5.0-1.5.7\ffmpeg-5.0-1.5.7-linux-x86_64.jar;C:\Users\Sugar\.m2\repository\org\bytedeco\ffmpeg\5.0-1.5.7\ffmpeg-5.0-1.5.7-linux-armhf.jar;C:\Users\Sugar\.m2\repository\org\bytedeco\ffmpeg\5.0-1.5.7\ffmpeg-5.0-1.5.7-linux-arm64.jar;C:\Users\Sugar\.m2\repository\org\bytedeco\ffmpeg\5.0-1.5.7\ffmpeg-5.0-1.5.7-linux-ppc64le.jar;C:\Users\Sugar\.m2\repository\org\bytedeco\ffmpeg\5.0-1.5.7\ffmpeg-5.0-1.5.7-macosx-arm64.jar;C:\Users\Sugar\.m2\repository\org\bytedeco\ffmpeg\5.0-1.5.7\ffmpeg-5.0-1.5.7-macosx-x86_64.jar;C:\Users\Sugar\.m2\repository\org\bytedeco\ffmpeg\5.0-1.5.7\ffmpeg-5.0-1.5.7-windows-x86.jar;C:\Users\Sugar\.m2\repository\org\bytedeco\ffmpeg\5.0-1.5.7\ffmpeg-5.0-1.5.7-windows-x86_64.jar;C:\Users\Sugar\.m2\repository\org\datavec\datavec-local\1.0.0-M2.1\datavec-local-1.0.0-M2.1.jar;C:\Users\Sugar\.m2\repository\com\codepoetics\protonpack\1.15\protonpack-1.15.jar;C:\Users\Sugar\.m2\repository\org\datavec\datavec-arrow\1.0.0-M2.1\datavec-arrow-1.0.0-M2.1.jar;C:\Users\Sugar\.m2\repository\org\apache\arrow\arrow-vector\6.0.1\arrow-vector-6.0.1.jar;C:\Users\Sugar\.m2\repository\org\apache\arrow\arrow-format\6.0.1\arrow-format-6.0.1.jar;C:\Users\Sugar\.m2\repository\org\apache\arrow\arrow-memory-core\6.0.1\arrow-memory-core-6.0.1.jar;C:\Users\Sugar\.m2\repository\com\fasterxml\jackson\core\jackson-core\2.11.4\jackson-core-2.11.4.jar;C:\Users\Sugar\.m2\repository\com\fasterxml\jackson\core\jackson-annotations\2.11.4\jackson-annotations-2.11.4.jar;C:\Users\Sugar\.m2\repository\com\fasterxml\jackson\core\jackson-databind\2.11.4\jackson-databind-2.11.4.jar;C:\Users\Sugar\.m2\repository\io\netty\netty-common\4.1.68.Final\netty-common-4.1.68.Final.jar;C:\Users\Sugar\.m2\repository\org\nd4j\python4j-numpy\1.0.0-M2.1\python4j-numpy-1.0.0-M2.1.jar;C:\Users\Sugar\.m2\repository\org\bytedeco\numpy-platform\1.22.2-1.5.7\numpy-platform-1.22.2-1.5.7.jar;C:\Users\Sugar\.m2\repository\org\bytedeco\cpython-platform\3.10.2-1.5.7\cpython-platform-3.10.2-1.5.7.jar;C:\Users\Sugar\.m2\repository\org\bytedeco\cpython\3.10.2-1.5.7\cpython-3.10.2-1.5.7.jar;C:\Users\Sugar\.m2\repository\org\bytedeco\cpython\3.10.2-1.5.7\cpython-3.10.2-1.5.7-linux-x86.jar;C:\Users\Sugar\.m2\repository\org\bytedeco\cpython\3.10.2-1.5.7\cpython-3.10.2-1.5.7-linux-x86_64.jar;C:\Users\Sugar\.m2\repository\org\bytedeco\cpython\3.10.2-1.5.7\cpython-3.10.2-1.5.7-linux-armhf.jar;C:\Users\Sugar\.m2\repository\org\bytedeco\cpython\3.10.2-1.5.7\cpython-3.10.2-1.5.7-linux-arm64.jar;C:\Users\Sugar\.m2\repository\org\bytedeco\cpython\3.10.2-1.5.7\cpython-3.10.2-1.5.7-linux-ppc64le.jar;C:\Users\Sugar\.m2\repository\org\bytedeco\cpython\3.10.2-1.5.7\cpython-3.10.2-1.5.7-macosx-x86_64.jar;C:\Users\Sugar\.m2\repository\org\bytedeco\cpython\3.10.2-1.5.7\cpython-3.10.2-1.5.7-windows-x86.jar;C:\Users\Sugar\.m2\repository\org\bytedeco\cpython\3.10.2-1.5.7\cpython-3.10.2-1.5.7-windows-x86_64.jar;C:\Users\Sugar\.m2\repository\org\bytedeco\numpy\1.22.2-1.5.7\numpy-1.22.2-1.5.7.jar;C:\Users\Sugar\.m2\repository\org\bytedeco\numpy\1.22.2-1.5.7\numpy-1.22.2-1.5.7-linux-x86.jar;C:\Users\Sugar\.m2\repository\org\bytedeco\numpy\1.22.2-1.5.7\numpy-1.22.2-1.5.7-linux-x86_64.jar;C:\Users\Sugar\.m2\repository\org\bytedeco\numpy\1.22.2-1.5.7\numpy-1.22.2-1.5.7-linux-armhf.jar;C:\Users\Sugar\.m2\repository\org\bytedeco\numpy\1.22.2-1.5.7\numpy-1.22.2-1.5.7-linux-arm64.jar;C:\Users\Sugar\.m2\repository\org\bytedeco\numpy\1.22.2-1.5.7\numpy-1.22.2-1.5.7-linux-ppc64le.jar;C:\Users\Sugar\.m2\repository\org\bytedeco\numpy\1.22.2-1.5.7\numpy-1.22.2-1.5.7-macosx-x86_64.jar;C:\Users\Sugar\.m2\repository\org\bytedeco\numpy\1.22.2-1.5.7\numpy-1.22.2-1.5.7-windows-x86.jar;C:\Users\Sugar\.m2\repository\org\bytedeco\numpy\1.22.2-1.5.7\numpy-1.22.2-1.5.7-windows-x86_64.jar;C:\Users\Sugar\.m2\repository\org\nd4j\python4j-core\1.0.0-M2.1\python4j-core-1.0.0-M2.1.jar;C:\Users\Sugar\.m2\repository\org\json\json\20190722\json-20190722.jar;C:\Users\Sugar\.m2\repository\org\nd4j\netty-common\1.0.0-M2.1\netty-common-1.0.0-M2.1.jar;C:\Users\Sugar\.m2\repository\org\deeplearning4j\deeplearning4j-datasets\1.0.0-M2.1\deeplearning4j-datasets-1.0.0-M2.1.jar;C:\Users\Sugar\.m2\repository\org\deeplearning4j\deeplearning4j-datavec-iterators\1.0.0-M2.1\deeplearning4j-datavec-iterators-1.0.0-M2.1.jar;C:\Users\Sugar\.m2\repository\org\deeplearning4j\deeplearning4j-core\1.0.0-M2.1\deeplearning4j-core-1.0.0-M2.1.jar;C:\Users\Sugar\.m2\repository\com\sun\activation\javax.activation\1.2.0\javax.activation-1.2.0.jar;C:\Users\Sugar\.m2\repository\org\deeplearning4j\deeplearning4j-modelimport\1.0.0-M2.1\deeplearning4j-modelimport-1.0.0-M2.1.jar;C:\Users\Sugar\.m2\repository\com\google\code\gson\gson\2.8.0\gson-2.8.0.jar;C:\Users\Sugar\.m2\repository\org\deeplearning4j\deeplearning4j-nn\1.0.0-M2.1\deeplearning4j-nn-1.0.0-M2.1.jar;C:\Users\Sugar\.m2\repository\org\deeplearning4j\deeplearning4j-utility-iterators\1.0.0-M2.1\deeplearning4j-utility-iterators-1.0.0-M2.1.jar;C:\Users\Sugar\.m2\repository\org\apache\commons\commons-math3\3.5\commons-math3-3.5.jar;C:\Users\Sugar\.m2\repository\org\apache\commons\commons-compress\1.21\commons-compress-1.21.jar;C:\Users\Sugar\.m2\repository\org\deeplearning4j\deeplearning4j-ui-components\1.0.0-M2.1\deeplearning4j-ui-components-1.0.0-M2.1.jar;C:\Users\Sugar\.m2\repository\com\github\oshi\oshi-json\3.4.2\oshi-json-3.4.2.jar;C:\Users\Sugar\.m2\repository\org\glassfish\javax.json\1.0.4\javax.json-1.0.4.jar;C:\Users\Sugar\.m2\repository\com\github\oshi\oshi-core\3.4.2\oshi-core-3.4.2.jar;C:\Users\Sugar\.m2\repository\net\java\dev\jna\jna-platform\4.3.0\jna-platform-4.3.0.jar;C:\Users\Sugar\.m2\repository\net\java\dev\jna\jna\4.3.0\jna-4.3.0.jar;C:\Users\Sugar\.m2\repository\org\threeten\threetenbp\1.3.3\threetenbp-1.3.3.jar;C:\Users\Sugar\.m2\repository\org\deeplearning4j\resources\1.0.0-M2.1\resources-1.0.0-M2.1.jar;C:\Users\Sugar\.m2\repository\org\deeplearning4j\deeplearning4j-ui\1.0.0-M2.1\deeplearning4j-ui-1.0.0-M2.1.jar;C:\Users\Sugar\.m2\repository\org\deeplearning4j\deeplearning4j-vertx\1.0.0-M2.1\deeplearning4j-vertx-1.0.0-M2.1.jar;C:\Users\Sugar\.m2\repository\io\vertx\vertx-core\3.9.0\vertx-core-3.9.0.jar;C:\Users\Sugar\.m2\repository\io\netty\netty-buffer\4.1.48.Final\netty-buffer-4.1.48.Final.jar;C:\Users\Sugar\.m2\repository\io\netty\netty-transport\4.1.48.Final\netty-transport-4.1.48.Final.jar;C:\Users\Sugar\.m2\repository\io\netty\netty-handler\4.1.48.Final\netty-handler-4.1.48.Final.jar;C:\Users\Sugar\.m2\repository\io\netty\netty-codec\4.1.48.Final\netty-codec-4.1.48.Final.jar;C:\Users\Sugar\.m2\repository\io\netty\netty-handler-proxy\4.1.48.Final\netty-handler-proxy-4.1.48.Final.jar;C:\Users\Sugar\.m2\repository\io\netty\netty-codec-socks\4.1.48.Final\netty-codec-socks-4.1.48.Final.jar;C:\Users\Sugar\.m2\repository\io\netty\netty-codec-http\4.1.48.Final\netty-codec-http-4.1.48.Final.jar;C:\Users\Sugar\.m2\repository\io\netty\netty-codec-http2\4.1.48.Final\netty-codec-http2-4.1.48.Final.jar;C:\Users\Sugar\.m2\repository\io\netty\netty-resolver\4.1.48.Final\netty-resolver-4.1.48.Final.jar;C:\Users\Sugar\.m2\repository\io\netty\netty-resolver-dns\4.1.48.Final\netty-resolver-dns-4.1.48.Final.jar;C:\Users\Sugar\.m2\repository\io\netty\netty-codec-dns\4.1.48.Final\netty-codec-dns-4.1.48.Final.jar;C:\Users\Sugar\.m2\repository\io\vertx\vertx-web\3.9.0\vertx-web-3.9.0.jar;C:\Users\Sugar\.m2\repository\io\vertx\vertx-web-common\3.9.0\vertx-web-common-3.9.0.jar;C:\Users\Sugar\.m2\repository\io\vertx\vertx-auth-common\3.9.0\vertx-auth-common-3.9.0.jar;C:\Users\Sugar\.m2\repository\io\vertx\vertx-bridge-common\3.9.0\vertx-bridge-common-3.9.0.jar;C:\Users\Sugar\.m2\repository\jakarta\xml\bind\jakarta.xml.bind-api\2.3.2\jakarta.xml.bind-api-2.3.2.jar;C:\Users\Sugar\.m2\repository\jakarta\activation\jakarta.activation-api\1.2.1\jakarta.activation-api-1.2.1.jar;C:\Users\Sugar\.m2\repository\org\webjars\npm\babel__polyfill\7.4.4\babel__polyfill-7.4.4.jar;C:\Users\Sugar\.m2\repository\org\webjars\npm\core-js\3.0.0-beta.9\core-js-3.0.0-beta.9.jar;C:\Users\Sugar\.m2\repository\org\webjars\npm\regenerator-runtime\0.13.11\regenerator-runtime-0.13.11.jar;C:\Users\Sugar\.m2\repository\org\webjars\npm\coreui__coreui\2.1.9\coreui__coreui-2.1.9.jar;C:\Users\Sugar\.m2\repository\org\webjars\npm\coreui__icons\0.3.0\coreui__icons-0.3.0.jar;C:\Users\Sugar\.m2\repository\org\webjars\npm\jquery\3.4.1\jquery-3.4.1.jar;C:\Users\Sugar\.m2\repository\org\webjars\bower\popper.js\1.12.9\popper.js-1.12.9.jar;C:\Users\Sugar\.m2\repository\org\webjars\npm\bootstrap\4.3.1\bootstrap-4.3.1.jar;C:\Users\Sugar\.m2\repository\org\webjars\jquery\2.2.0\jquery-2.2.0.jar;C:\Users\Sugar\.m2\repository\org\webjars\jquery-migrate\1.2.1\jquery-migrate-1.2.1.jar;C:\Users\Sugar\.m2\repository\org\webjars\jquery-ui\1.10.2\jquery-ui-1.10.2.jar;C:\Users\Sugar\.m2\repository\org\webjars\modernizr\2.8.3-1\modernizr-2.8.3-1.jar;C:\Users\Sugar\.m2\repository\org\webjars\jquery-cookie\1.4.1-1\jquery-cookie-1.4.1-1.jar;C:\Users\Sugar\.m2\repository\org\webjars\fullcalendar\1.6.4\fullcalendar-1.6.4.jar;C:\Users\Sugar\.m2\repository\org\webjars\excanvas\3\excanvas-3.jar;C:\Users\Sugar\.m2\repository\org\webjars\npm\cytoscape\3.3.3\cytoscape-3.3.3.jar;C:\Users\Sugar\.m2\repository\org\webjars\npm\heap\0.2.7\heap-0.2.7.jar;C:\Users\Sugar\.m2\repository\org\webjars\npm\lodash.debounce\4.0.8\lodash.debounce-4.0.8.jar;C:\Users\Sugar\.m2\repository\org\webjars\bower\cytoscape-dagre\2.1.0\cytoscape-dagre-2.1.0.jar;C:\Users\Sugar\.m2\repository\org\webjars\bower\cytoscape\3.2.5\cytoscape-3.2.5.jar;C:\Users\Sugar\.m2\repository\org\webjars\bower\dagre\0.7.4\dagre-0.7.4.jar;C:\Users\Sugar\.m2\repository\org\webjars\bower\graphlib\1.0.7\graphlib-1.0.7.jar;C:\Users\Sugar\.m2\repository\org\webjars\bower\lodash\3.10.1-amd\lodash-3.10.1-amd.jar;C:\Users\Sugar\.m2\repository\org\webjars\npm\dagre\0.8.4\dagre-0.8.4.jar;C:\Users\Sugar\.m2\repository\org\webjars\npm\graphlib\2.1.8\graphlib-2.1.8.jar;C:\Users\Sugar\.m2\repository\org\webjars\npm\lodash\4.17.21\lodash-4.17.21.jar;C:\Users\Sugar\.m2\repository\org\webjars\npm\cytoscape-cola\2.3.0\cytoscape-cola-2.3.0.jar;C:\Users\Sugar\.m2\repository\org\webjars\npm\webcola\3.3.8\webcola-3.3.8.jar;C:\Users\Sugar\.m2\repository\org\webjars\npm\d3-dispatch\2.0.0-rc.1\d3-dispatch-2.0.0-rc.1.jar;C:\Users\Sugar\.m2\repository\org\webjars\npm\d3-drag\2.0.0-rc.1\d3-drag-2.0.0-rc.1.jar;C:\Users\Sugar\.m2\repository\org\webjars\npm\d3-selection\3.0.0\d3-selection-3.0.0.jar;C:\Users\Sugar\.m2\repository\org\webjars\npm\d3-timer\2.0.0-rc.1\d3-timer-2.0.0-rc.1.jar;C:\Users\Sugar\.m2\repository\org\webjars\npm\cytoscape-cose-bilkent\4.0.0\cytoscape-cose-bilkent-4.0.0.jar;C:\Users\Sugar\.m2\repository\org\webjars\npm\cytoscape-euler\1.2.1\cytoscape-euler-1.2.1.jar;C:\Users\Sugar\.m2\repository\org\webjars\npm\cytoscape-klay\3.1.2\cytoscape-klay-3.1.2.jar;C:\Users\Sugar\.m2\repository\org\webjars\npm\klayjs\0.4.1\klayjs-0.4.1.jar;C:\Users\Sugar\.m2\repository\org\webjars\npm\cytoscape-spread\3.0.0\cytoscape-spread-3.0.0.jar;C:\Users\Sugar\.m2\repository\org\webjars\npm\weaverjs\1.2.0\weaverjs-1.2.0.jar;C:\Users\Sugar\.m2\repository\org\webjars\retinajs\0.0.2\retinajs-0.0.2.jar;C:\Users\Sugar\.m2\repository\org\webjars\flot\0.8.3\flot-0.8.3.jar;C:\Users\Sugar\.m2\repository\org\webjars\explorercanvas\r3-1\explorercanvas-r3-1.jar;C:\Users\Sugar\.m2\repository\org\webjars\chosen\0.9.8\chosen-0.9.8.jar;C:\Users\Sugar\.m2\repository\org\webjars\uniform\2.1.2-1\uniform-2.1.2-1.jar;C:\Users\Sugar\.m2\repository\org\webjars\noty\2.2.2\noty-2.2.2.jar;C:\Users\Sugar\.m2\repository\org\webjars\jquery-raty\2.5.2\jquery-raty-2.5.2.jar;C:\Users\Sugar\.m2\repository\org\webjars\imagesloaded\2.1.1\imagesloaded-2.1.1.jar;C:\Users\Sugar\.m2\repository\org\webjars\masonry\3.1.5\masonry-3.1.5.jar;C:\Users\Sugar\.m2\repository\org\webjars\jquery.sparkline\2.1.2\jquery.sparkline-2.1.2.jar;C:\Users\Sugar\.m2\repository\org\webjars\jquery-knob\1.2.2\jquery-knob-1.2.2.jar;C:\Users\Sugar\.m2\repository\org\webjars\datatables\1.9.4\datatables-1.9.4.jar;C:\Users\Sugar\.m2\repository\org\webjars\jquery-ui-touch-punch\0.2.2\jquery-ui-touch-punch-0.2.2.jar;C:\Users\Sugar\.m2\repository\org\webjars\d3js\3.3.5\d3js-3.3.5.jar;C:\Users\Sugar\.m2\repository\org\webjars\bootstrap-notify\3.1.3-1\bootstrap-notify-3.1.3-1.jar;C:\Users\Sugar\.m2\repository\org\webjars\npm\github-com-jboesch-Gritter\1.7.4\github-com-jboesch-Gritter-1.7.4.jar;C:\Users\Sugar\.m2\repository\org\webjars\bowergithub\stenin-nikita\open-sans\0.1.3\open-sans-0.1.3.jar;C:\Users\Sugar\.m2\repository\org\webjars\font-awesome\3.0.2\font-awesome-3.0.2.jar;C:\Users\Sugar\.m2\repository\org\webjars\bootstrap\2.2.2-1\bootstrap-2.2.2-1.jar;C:\Users\Sugar\.m2\repository\org\webjars\bootstrap-glyphicons\bdd2cbfba0\bootstrap-glyphicons-bdd2cbfba0.jar;C:\Users\Sugar\.m2\repository\org\webjars\npm\flatbuffers\1.9.0\flatbuffers-1.9.0.jar;C:\Users\Sugar\.m2\repository\org\deeplearning4j\deeplearning4j-nlp\1.0.0-M2.1\deeplearning4j-nlp-1.0.0-M2.1.jar;C:\Users\Sugar\.m2\repository\commons-lang\commons-lang\2.6\commons-lang-2.6.jar;C:\Users\Sugar\.m2\repository\org\threadly\threadly\4.10.0\threadly-4.10.0.jar;C:\Users\Sugar\.m2\repository\com\github\vinhkhuc\jfasttext\0.4\jfasttext-0.4.jar;C:\Users\Sugar\.m2\repository\org\deeplearning4j\deeplearning4j-ui-model\1.0.0-M2.1\deeplearning4j-ui-model-1.0.0-M2.1.jar;C:\Users\Sugar\.m2\repository\org\mapdb\mapdb\3.0.5\mapdb-3.0.5.jar;C:\Users\Sugar\.m2\repository\org\eclipse\collections\eclipse-collections-api\7.1.2\eclipse-collections-api-7.1.2.jar;C:\Users\Sugar\.m2\repository\net\jcip\jcip-annotations\1.0\jcip-annotations-1.0.jar;C:\Users\Sugar\.m2\repository\org\eclipse\collections\eclipse-collections\7.1.2\eclipse-collections-7.1.2.jar;C:\Users\Sugar\.m2\repository\org\eclipse\collections\eclipse-collections-forkjoin\7.1.2\eclipse-collections-forkjoin-7.1.2.jar;C:\Users\Sugar\.m2\repository\com\google\guava\guava\19.0\guava-19.0.jar;C:\Users\Sugar\.m2\repository\net\jpountz\lz4\lz4\1.3.0\lz4-1.3.0.jar;C:\Users\Sugar\.m2\repository\org\mapdb\elsa\3.0.0-M5\elsa-3.0.0-M5.jar;C:\Users\Sugar\.m2\repository\org\xerial\sqlite-jdbc\3.15.1\sqlite-jdbc-3.15.1.jar;C:\Users\Sugar\.m2\repository\io\aeron\aeron-all\1.39.0\aeron-all-1.39.0.jar;C:\Users\Sugar\.m2\repository\org\deeplearning4j\deeplearning4j-zoo\1.0.0-M2.1\deeplearning4j-zoo-1.0.0-M2.1.jar;C:\Users\Sugar\.m2\repository\org\deeplearning4j\deeplearning4j-parallel-wrapper\1.0.0-M2.1\deeplearning4j-parallel-wrapper-1.0.0-M2.1.jar;C:\Users\Sugar\.m2\repository\com\beust\jcommander\1.27\jcommander-1.27.jar;C:\Users\Sugar\.m2\repository\org\nd4j\nd4j-parameter-server\1.0.0-M2.1\nd4j-parameter-server-1.0.0-M2.1.jar;C:\Users\Sugar\.m2\repository\org\nd4j\nd4j-parameter-server-model\1.0.0-M2.1\nd4j-parameter-server-model-1.0.0-M2.1.jar;C:\Users\Sugar\.m2\repository\org\nd4j\nd4j-aeron\1.0.0-M2.1\nd4j-aeron-1.0.0-M2.1.jar;C:\Users\Sugar\.m2\repository\com\mashape\unirest\unirest-java\1.4.9\unirest-java-1.4.9.jar;C:\Users\Sugar\.m2\repository\org\apache\httpcomponents\httpasyncclient\4.1.1\httpasyncclient-4.1.1.jar;C:\Users\Sugar\.m2\repository\org\apache\httpcomponents\httpcore-nio\4.4.4\httpcore-nio-4.4.4.jar;C:\Users\Sugar\.m2\repository\org\apache\httpcomponents\httpmime\4.5.2\httpmime-4.5.2.jar;C:\Users\Sugar\.m2\repository\org\nd4j\nd4j-parameter-server-client\1.0.0-M2.1\nd4j-parameter-server-client-1.0.0-M2.1.jar;C:\Users\Sugar\.m2\repository\jfree\jfreechart\1.0.13\jfreechart-1.0.13.jar;C:\Users\Sugar\.m2\repository\jfree\jcommon\1.0.16\jcommon-1.0.16.jar;C:\Users\Sugar\.m2\repository\org\jfree\jcommon\1.0.23\jcommon-1.0.23.jar;C:\Users\Sugar\.m2\repository\org\apache\httpcomponents\httpclient\4.3.5\httpclient-4.3.5.jar;C:\Users\Sugar\.m2\repository\org\apache\httpcomponents\httpcore\4.3.2\httpcore-4.3.2.jar;C:\Users\Sugar\.m2\repository\commons-logging\commons-logging\1.1.3\commons-logging-1.1.3.jar;C:\Users\Sugar\.m2\repository\ch\qos\logback\logback-classic\1.1.7\logback-classic-1.1.7.jar;C:\Users\Sugar\.m2\repository\ch\qos\logback\logback-core\1.1.7\logback-core-1.1.7.jar;C:\Users\Sugar\.m2\repository\org\bytedeco\javacv-platform\1.5.5\javacv-platform-1.5.5.jar;C:\Users\Sugar\.m2\repository\org\bytedeco\openblas-platform\0.3.13-1.5.5\openblas-platform-0.3.13-1.5.5.jar;C:\Users\Sugar\.m2\repository\org\bytedeco\openblas\0.3.13-1.5.5\openblas-0.3.13-1.5.5-android-arm.jar;C:\Users\Sugar\.m2\repository\org\bytedeco\openblas\0.3.13-1.5.5\openblas-0.3.13-1.5.5-android-arm64.jar;C:\Users\Sugar\.m2\repository\org\bytedeco\openblas\0.3.13-1.5.5\openblas-0.3.13-1.5.5-android-x86.jar;C:\Users\Sugar\.m2\repository\org\bytedeco\openblas\0.3.13-1.5.5\openblas-0.3.13-1.5.5-android-x86_64.jar;C:\Users\Sugar\.m2\repository\org\bytedeco\openblas\0.3.13-1.5.5\openblas-0.3.13-1.5.5-ios-arm64.jar;C:\Users\Sugar\.m2\repository\org\bytedeco\openblas\0.3.13-1.5.5\openblas-0.3.13-1.5.5-ios-x86_64.jar;C:\Users\Sugar\.m2\repository\org\bytedeco\openblas\0.3.13-1.5.5\openblas-0.3.13-1.5.5-linux-x86.jar;C:\Users\Sugar\.m2\repository\org\bytedeco\openblas\0.3.13-1.5.5\openblas-0.3.13-1.5.5-linux-x86_64.jar;C:\Users\Sugar\.m2\repository\org\bytedeco\openblas\0.3.13-1.5.5\openblas-0.3.13-1.5.5-linux-armhf.jar;C:\Users\Sugar\.m2\repository\org\bytedeco\openblas\0.3.13-1.5.5\openblas-0.3.13-1.5.5-linux-arm64.jar;C:\Users\Sugar\.m2\repository\org\bytedeco\openblas\0.3.13-1.5.5\openblas-0.3.13-1.5.5-linux-ppc64le.jar;C:\Users\Sugar\.m2\repository\org\bytedeco\openblas\0.3.13-1.5.5\openblas-0.3.13-1.5.5-macosx-x86_64.jar;C:\Users\Sugar\.m2\repository\org\bytedeco\openblas\0.3.13-1.5.5\openblas-0.3.13-1.5.5-windows-x86.jar;C:\Users\Sugar\.m2\repository\org\bytedeco\flycapture-platform\2.13.3.31-1.5.5\flycapture-platform-2.13.3.31-1.5.5.jar;C:\Users\Sugar\.m2\repository\org\bytedeco\flycapture\2.13.3.31-1.5.5\flycapture-2.13.3.31-1.5.5-linux-x86.jar;C:\Users\Sugar\.m2\repository\org\bytedeco\flycapture\2.13.3.31-1.5.5\flycapture-2.13.3.31-1.5.5-linux-x86_64.jar;C:\Users\Sugar\.m2\repository\org\bytedeco\flycapture\2.13.3.31-1.5.5\flycapture-2.13.3.31-1.5.5-linux-armhf.jar;C:\Users\Sugar\.m2\repository\org\bytedeco\flycapture\2.13.3.31-1.5.5\flycapture-2.13.3.31-1.5.5-linux-arm64.jar;C:\Users\Sugar\.m2\repository\org\bytedeco\flycapture\2.13.3.31-1.5.5\flycapture-2.13.3.31-1.5.5-windows-x86.jar;C:\Users\Sugar\.m2\repository\org\bytedeco\flycapture\2.13.3.31-1.5.5\flycapture-2.13.3.31-1.5.5-windows-x86_64.jar;C:\Users\Sugar\.m2\repository\org\bytedeco\libdc1394-platform\2.2.6-1.5.5\libdc1394-platform-2.2.6-1.5.5.jar;C:\Users\Sugar\.m2\repository\org\bytedeco\libdc1394\2.2.6-1.5.5\libdc1394-2.2.6-1.5.5-linux-x86.jar;C:\Users\Sugar\.m2\repository\org\bytedeco\libdc1394\2.2.6-1.5.5\libdc1394-2.2.6-1.5.5-linux-x86_64.jar;C:\Users\Sugar\.m2\repository\org\bytedeco\libdc1394\2.2.6-1.5.5\libdc1394-2.2.6-1.5.5-linux-armhf.jar;C:\Users\Sugar\.m2\repository\org\bytedeco\libdc1394\2.2.6-1.5.5\libdc1394-2.2.6-1.5.5-linux-arm64.jar;C:\Users\Sugar\.m2\repository\org\bytedeco\libdc1394\2.2.6-1.5.5\libdc1394-2.2.6-1.5.5-linux-ppc64le.jar;C:\Users\Sugar\.m2\repository\org\bytedeco\libdc1394\2.2.6-1.5.5\libdc1394-2.2.6-1.5.5-macosx-x86_64.jar;C:\Users\Sugar\.m2\repository\org\bytedeco\libdc1394\2.2.6-1.5.5\libdc1394-2.2.6-1.5.5-windows-x86.jar;C:\Users\Sugar\.m2\repository\org\bytedeco\libdc1394\2.2.6-1.5.5\libdc1394-2.2.6-1.5.5-windows-x86_64.jar;C:\Users\Sugar\.m2\repository\org\bytedeco\libfreenect-platform\0.5.7-1.5.5\libfreenect-platform-0.5.7-1.5.5.jar;C:\Users\Sugar\.m2\repository\org\bytedeco\libfreenect\0.5.7-1.5.5\libfreenect-0.5.7-1.5.5-linux-x86.jar;C:\Users\Sugar\.m2\repository\org\bytedeco\libfreenect\0.5.7-1.5.5\libfreenect-0.5.7-1.5.5-linux-x86_64.jar;C:\Users\Sugar\.m2\repository\org\bytedeco\libfreenect\0.5.7-1.5.5\libfreenect-0.5.7-1.5.5-linux-armhf.jar;C:\Users\Sugar\.m2\repository\org\bytedeco\libfreenect\0.5.7-1.5.5\libfreenect-0.5.7-1.5.5-linux-arm64.jar;C:\Users\Sugar\.m2\repository\org\bytedeco\libfreenect\0.5.7-1.5.5\libfreenect-0.5.7-1.5.5-linux-ppc64le.jar;C:\Users\Sugar\.m2\repository\org\bytedeco\libfreenect\0.5.7-1.5.5\libfreenect-0.5.7-1.5.5-macosx-x86_64.jar;C:\Users\Sugar\.m2\repository\org\bytedeco\libfreenect\0.5.7-1.5.5\libfreenect-0.5.7-1.5.5-windows-x86.jar;C:\Users\Sugar\.m2\repository\org\bytedeco\libfreenect\0.5.7-1.5.5\libfreenect-0.5.7-1.5.5-windows-x86_64.jar;C:\Users\Sugar\.m2\repository\org\bytedeco\libfreenect2-platform\0.2.0-1.5.5\libfreenect2-platform-0.2.0-1.5.5.jar;C:\Users\Sugar\.m2\repository\org\bytedeco\libfreenect2\0.2.0-1.5.5\libfreenect2-0.2.0-1.5.5-linux-x86.jar;C:\Users\Sugar\.m2\repository\org\bytedeco\libfreenect2\0.2.0-1.5.5\libfreenect2-0.2.0-1.5.5-linux-x86_64.jar;C:\Users\Sugar\.m2\repository\org\bytedeco\libfreenect2\0.2.0-1.5.5\libfreenect2-0.2.0-1.5.5-macosx-x86_64.jar;C:\Users\Sugar\.m2\repository\org\bytedeco\libfreenect2\0.2.0-1.5.5\libfreenect2-0.2.0-1.5.5-windows-x86_64.jar;C:\Users\Sugar\.m2\repository\org\bytedeco\librealsense-platform\1.12.4-1.5.5\librealsense-platform-1.12.4-1.5.5.jar;C:\Users\Sugar\.m2\repository\org\bytedeco\librealsense\1.12.4-1.5.5\librealsense-1.12.4-1.5.5-linux-armhf.jar;C:\Users\Sugar\.m2\repository\org\bytedeco\librealsense\1.12.4-1.5.5\librealsense-1.12.4-1.5.5-linux-arm64.jar;C:\Users\Sugar\.m2\repository\org\bytedeco\librealsense\1.12.4-1.5.5\librealsense-1.12.4-1.5.5-linux-x86.jar;C:\Users\Sugar\.m2\repository\org\bytedeco\librealsense\1.12.4-1.5.5\librealsense-1.12.4-1.5.5-linux-x86_64.jar;C:\Users\Sugar\.m2\repository\org\bytedeco\librealsense\1.12.4-1.5.5\librealsense-1.12.4-1.5.5-macosx-x86_64.jar;C:\Users\Sugar\.m2\repository\org\bytedeco\librealsense\1.12.4-1.5.5\librealsense-1.12.4-1.5.5-windows-x86.jar;C:\Users\Sugar\.m2\repository\org\bytedeco\librealsense\1.12.4-1.5.5\librealsense-1.12.4-1.5.5-windows-x86_64.jar;C:\Users\Sugar\.m2\repository\org\bytedeco\librealsense2-platform\2.40.0-1.5.5\librealsense2-platform-2.40.0-1.5.5.jar;C:\Users\Sugar\.m2\repository\org\bytedeco\librealsense2\2.40.0-1.5.5\librealsense2-2.40.0-1.5.5-linux-armhf.jar;C:\Users\Sugar\.m2\repository\org\bytedeco\librealsense2\2.40.0-1.5.5\librealsense2-2.40.0-1.5.5-linux-arm64.jar;C:\Users\Sugar\.m2\repository\org\bytedeco\librealsense2\2.40.0-1.5.5\librealsense2-2.40.0-1.5.5-linux-x86.jar;C:\Users\Sugar\.m2\repository\org\bytedeco\librealsense2\2.40.0-1.5.5\librealsense2-2.40.0-1.5.5-linux-x86_64.jar;C:\Users\Sugar\.m2\repository\org\bytedeco\librealsense2\2.40.0-1.5.5\librealsense2-2.40.0-1.5.5-macosx-x86_64.jar;C:\Users\Sugar\.m2\repository\org\bytedeco\librealsense2\2.40.0-1.5.5\librealsense2-2.40.0-1.5.5-windows-x86.jar;C:\Users\Sugar\.m2\repository\org\bytedeco\librealsense2\2.40.0-1.5.5\librealsense2-2.40.0-1.5.5-windows-x86_64.jar;C:\Users\Sugar\.m2\repository\org\bytedeco\videoinput-platform\0.200-1.5.5\videoinput-platform-0.200-1.5.5.jar;C:\Users\Sugar\.m2\repository\org\bytedeco\videoinput\0.200-1.5.5\videoinput-0.200-1.5.5-windows-x86.jar;C:\Users\Sugar\.m2\repository\org\bytedeco\videoinput\0.200-1.5.5\videoinput-0.200-1.5.5-windows-x86_64.jar;C:\Users\Sugar\.m2\repository\org\bytedeco\artoolkitplus-platform\2.3.1-1.5.5\artoolkitplus-platform-2.3.1-1.5.5.jar;C:\Users\Sugar\.m2\repository\org\bytedeco\artoolkitplus\2.3.1-1.5.5\artoolkitplus-2.3.1-1.5.5-android-arm.jar;C:\Users\Sugar\.m2\repository\org\bytedeco\artoolkitplus\2.3.1-1.5.5\artoolkitplus-2.3.1-1.5.5-android-arm64.jar;C:\Users\Sugar\.m2\repository\org\bytedeco\artoolkitplus\2.3.1-1.5.5\artoolkitplus-2.3.1-1.5.5-android-x86.jar;C:\Users\Sugar\.m2\repository\org\bytedeco\artoolkitplus\2.3.1-1.5.5\artoolkitplus-2.3.1-1.5.5-android-x86_64.jar;C:\Users\Sugar\.m2\repository\org\bytedeco\artoolkitplus\2.3.1-1.5.5\artoolkitplus-2.3.1-1.5.5-linux-x86.jar;C:\Users\Sugar\.m2\repository\org\bytedeco\artoolkitplus\2.3.1-1.5.5\artoolkitplus-2.3.1-1.5.5-linux-x86_64.jar;C:\Users\Sugar\.m2\repository\org\bytedeco\artoolkitplus\2.3.1-1.5.5\artoolkitplus-2.3.1-1.5.5-linux-armhf.jar;C:\Users\Sugar\.m2\repository\org\bytedeco\artoolkitplus\2.3.1-1.5.5\artoolkitplus-2.3.1-1.5.5-linux-arm64.jar;C:\Users\Sugar\.m2\repository\org\bytedeco\artoolkitplus\2.3.1-1.5.5\artoolkitplus-2.3.1-1.5.5-linux-ppc64le.jar;C:\Users\Sugar\.m2\repository\org\bytedeco\artoolkitplus\2.3.1-1.5.5\artoolkitplus-2.3.1-1.5.5-macosx-x86_64.jar;C:\Users\Sugar\.m2\repository\org\bytedeco\artoolkitplus\2.3.1-1.5.5\artoolkitplus-2.3.1-1.5.5-windows-x86.jar;C:\Users\Sugar\.m2\repository\org\bytedeco\artoolkitplus\2.3.1-1.5.5\artoolkitplus-2.3.1-1.5.5-windows-x86_64.jar;C:\Users\Sugar\.m2\repository\org\bytedeco\flandmark-platform\1.07-1.5.5\flandmark-platform-1.07-1.5.5.jar;C:\Users\Sugar\.m2\repository\org\bytedeco\flandmark\1.07-1.5.5\flandmark-1.07-1.5.5-android-arm.jar;C:\Users\Sugar\.m2\repository\org\bytedeco\flandmark\1.07-1.5.5\flandmark-1.07-1.5.5-android-arm64.jar;C:\Users\Sugar\.m2\repository\org\bytedeco\flandmark\1.07-1.5.5\flandmark-1.07-1.5.5-android-x86.jar;C:\Users\Sugar\.m2\repository\org\bytedeco\flandmark\1.07-1.5.5\flandmark-1.07-1.5.5-android-x86_64.jar;C:\Users\Sugar\.m2\repository\org\bytedeco\flandmark\1.07-1.5.5\flandmark-1.07-1.5.5-linux-x86.jar;C:\Users\Sugar\.m2\repository\org\bytedeco\flandmark\1.07-1.5.5\flandmark-1.07-1.5.5-linux-x86_64.jar;C:\Users\Sugar\.m2\repository\org\bytedeco\flandmark\1.07-1.5.5\flandmark-1.07-1.5.5-linux-armhf.jar;C:\Users\Sugar\.m2\repository\org\bytedeco\flandmark\1.07-1.5.5\flandmark-1.07-1.5.5-linux-arm64.jar;C:\Users\Sugar\.m2\repository\org\bytedeco\flandmark\1.07-1.5.5\flandmark-1.07-1.5.5-linux-ppc64le.jar;C:\Users\Sugar\.m2\repository\org\bytedeco\flandmark\1.07-1.5.5\flandmark-1.07-1.5.5-macosx-x86_64.jar;C:\Users\Sugar\.m2\repository\org\bytedeco\flandmark\1.07-1.5.5\flandmark-1.07-1.5.5-windows-x86.jar;C:\Users\Sugar\.m2\repository\org\bytedeco\flandmark\1.07-1.5.5\flandmark-1.07-1.5.5-windows-x86_64.jar;C:\Users\Sugar\.m2\repository\org\bytedeco\tesseract-platform\4.1.1-1.5.5\tesseract-platform-4.1.1-1.5.5.jar;C:\Users\Sugar\.m2\repository\org\bytedeco\tesseract\4.1.1-1.5.5\tesseract-4.1.1-1.5.5-android-arm.jar;C:\Users\Sugar\.m2\repository\org\bytedeco\tesseract\4.1.1-1.5.5\tesseract-4.1.1-1.5.5-android-arm64.jar;C:\Users\Sugar\.m2\repository\org\bytedeco\tesseract\4.1.1-1.5.5\tesseract-4.1.1-1.5.5-android-x86.jar;C:\Users\Sugar\.m2\repository\org\bytedeco\tesseract\4.1.1-1.5.5\tesseract-4.1.1-1.5.5-android-x86_64.jar;C:\Users\Sugar\.m2\repository\org\bytedeco\tesseract\4.1.1-1.5.5\tesseract-4.1.1-1.5.5-linux-x86.jar;C:\Users\Sugar\.m2\repository\org\bytedeco\tesseract\4.1.1-1.5.5\tesseract-4.1.1-1.5.5-linux-x86_64.jar;C:\Users\Sugar\.m2\repository\org\bytedeco\tesseract\4.1.1-1.5.5\tesseract-4.1.1-1.5.5-linux-armhf.jar;C:\Users\Sugar\.m2\repository\org\bytedeco\tesseract\4.1.1-1.5.5\tesseract-4.1.1-1.5.5-linux-arm64.jar;C:\Users\Sugar\.m2\repository\org\bytedeco\tesseract\4.1.1-1.5.5\tesseract-4.1.1-1.5.5-linux-ppc64le.jar;C:\Users\Sugar\.m2\repository\org\bytedeco\tesseract\4.1.1-1.5.5\tesseract-4.1.1-1.5.5-macosx-x86_64.jar;C:\Users\Sugar\.m2\repository\org\bytedeco\tesseract\4.1.1-1.5.5\tesseract-4.1.1-1.5.5-windows-x86.jar;C:\Users\Sugar\.m2\repository\org\bytedeco\tesseract\4.1.1-1.5.5\tesseract-4.1.1-1.5.5-windows-x86_64.jar;C:\Users\Sugar\.m2\repository\org\junit\jupiter\junit-jupiter-engine\5.8.0-M1\junit-jupiter-engine-5.8.0-M1.jar;C:\Users\Sugar\.m2\repository\org\apiguardian\apiguardian-api\1.1.1\apiguardian-api-1.1.1.jar;C:\Users\Sugar\.m2\repository\org\junit\platform\junit-platform-engine\1.8.0-M1\junit-platform-engine-1.8.0-M1.jar;C:\Users\Sugar\.m2\repository\org\jetbrains\kotlin\kotlin-stdlib-jdk8\1.4.20\kotlin-stdlib-jdk8-1.4.20.jar;C:\Users\Sugar\.m2\repository\org\jetbrains\kotlin\kotlin-stdlib\1.4.20\kotlin-stdlib-1.4.20.jar;C:\Users\Sugar\.m2\repository\org\jetbrains\kotlin\kotlin-stdlib-common\1.4.20\kotlin-stdlib-common-1.4.20.jar;C:\Users\Sugar\.m2\repository\org\jetbrains\annotations\13.0\annotations-13.0.jar;C:\Users\Sugar\.m2\repository\org\jetbrains\kotlin\kotlin-stdlib-jdk7\1.4.20\kotlin-stdlib-jdk7-1.4.20.jar;C:\Users\Sugar\.m2\repository\org\junit\jupiter\junit-jupiter-api\5.8.0-M1\junit-jupiter-api-5.8.0-M1.jar;C:\Users\Sugar\.m2\repository\org\opentest4j\opentest4j\1.2.0\opentest4j-1.2.0.jar;C:\Users\Sugar\.m2\repository\org\junit\platform\junit-platform-commons\1.8.0-M1\junit-platform-commons-1.8.0-M1.jar;"/>
    <property name="sun.cpu.endian" value="little"/>
    <property name="user.home" value="C:\Users\Sugar"/>
    <property name="user.language" value="en"/>
    <property name="java.specification.vendor" value="Oracle Corporation"/>
    <property name="java.version.date" value="2024-04-16"/>
    <property name="java.home" value="C:\Oracle_JDK-22"/>
    <property name="file.separator" value="\"/>
    <property name="basedir" value="C:\Users\Sugar\Desktop\Dl4j Custom Models"/>
    <property name="java.vm.compressedOopsMode" value="32-bit"/>
    <property name="line.separator" value="&#10;"/>
    <property name="java.vm.specification.vendor" value="Oracle Corporation"/>
    <property name="java.specification.name" value="Java Platform API Specification"/>
    <property name="surefire.real.class.path" value="C:\Users\Sugar\AppData\Local\Temp\surefire1031177673105203339\surefirebooter15202840669131149299.jar"/>
    <property name="user.script" value=""/>
    <property name="sun.management.compiler" value="HotSpot 64-Bit Tiered Compilers"/>
    <property name="java.runtime.version" value="22.0.1+8-16"/>
    <property name="user.name" value="Sugar"/>
    <property name="stdout.encoding" value="Cp1252"/>
    <property name="path.separator" value=";"/>
    <property name="os.version" value="10.0"/>
    <property name="java.runtime.name" value="Java(TM) SE Runtime Environment"/>
    <property name="file.encoding" value="UTF-8"/>
    <property name="java.vm.name" value="Java HotSpot(TM) 64-Bit Server VM"/>
    <property name="maven.ext.class.path" value="C:\Users\Sugar\.vscode\extensions\oracle.oracle-java-22.1.2\nbcode\java\maven-nblib\netbeans-eventspy.jar"/>
    <property name="localRepository" value="C:\Users\Sugar\.m2\repository"/>
    <property name="java.vendor.url.bug" value="https://bugreport.java.com/bugreport/"/>
    <property name="java.io.tmpdir" value="C:\Users\Sugar\AppData\Local\Temp\"/>
    <property name="java.version" value="22.0.1"/>
    <property name="user.dir" value="C:\Users\Sugar\Desktop\Dl4j Custom Models"/>
    <property name="os.arch" value="amd64"/>
    <property name="java.vm.specification.name" value="Java Virtual Machine Specification"/>
    <property name="sun.os.patch.level" value=""/>
    <property name="native.encoding" value="Cp1252"/>
    <property name="java.library.path" value="C:\Oracle_JDK-22\bin;C:\Windows\Sun\Java\bin;C:\Windows\system32;C:\Windows;C:\Program Files\Common Files\Oracle\Java\javapath;C:\Windows\system32;C:\Windows;C:\Windows\System32\Wbem;C:\Windows\System32\WindowsPowerShell\v1.0\;C:\Windows\System32\OpenSSH\;C:\Program Files\Java\jre-1.8\bin;C:\ProgramData\chocolatey\bin;C:\Program Files\nodejs\;C:\Users\Sugar\AppData\Local\Programs\orca\orca.exe;C:\Users\Sugar\AppData\Local\Programs\Python\Python312;C:\Users\Sugar\AppData\Local\Programs\Python\Python312\Scripts;C:\Program Files\Java\jdk-22\bin;C:\Program Files\Amazon\AWSCLIV2\;C:\Users\Sugar\AppData\Local\Programs\Python\Launcher\;C:\Users\Sugar\AppData\Local\Programs\Python\Python312\Scripts;C:\Users\Sugar\AppData\Local\Microsoft\WindowsApps;C:\Users\Sugar\AppData\Roaming\npm;C:\Program Files\Java\jdk-22\bin;C:\Users\Sugar\AppData\Local\Programs\Python\Python312;C:\Users\Sugar\AppData\Local\Programs\Microsoft VS Code\bin;C:\Program Files\Java\jdk-22\bin;;."/>
    <property name="java.vm.info" value="mixed mode, sharing"/>
    <property name="stderr.encoding" value="Cp1252"/>
    <property name="java.vendor" value="Oracle Corporation"/>
    <property name="java.vm.version" value="22.0.1+8-16"/>
    <property name="sun.io.unicode.encoding" value="UnicodeLittle"/>
    <property name="java.class.version" value="66.0"/>
  </properties>
  <testcase name="test" classname="org.deeplearning4j.examples.QuickTest" time="492.432">
    <system-out><![CDATA[Beginning LenetMNIST
14:58:25,339 |-INFO in ch.qos.logback.classic.LoggerContext[default] - Could NOT find resource [logback.groovy]
14:58:25,341 |-INFO in ch.qos.logback.classic.LoggerContext[default] - Could NOT find resource [logback-test.xml]
14:58:25,341 |-INFO in ch.qos.logback.classic.LoggerContext[default] - Found resource [logback.xml] at [file:/C:/Users/Sugar/Desktop/Dl4j%20Custom%20Models/target/test-classes/logback.xml]
14:58:25,343 |-WARN in ch.qos.logback.classic.LoggerContext[default] - Resource [logback.xml] occurs multiple times on the classpath.
14:58:25,343 |-WARN in ch.qos.logback.classic.LoggerContext[default] - Resource [logback.xml] occurs at [file:/C:/Users/Sugar/Desktop/Dl4j%20Custom%20Models/target/test-classes/logback.xml]
14:58:25,343 |-WARN in ch.qos.logback.classic.LoggerContext[default] - Resource [logback.xml] occurs at [file:/C:/Users/Sugar/Desktop/Dl4j%20Custom%20Models/target/classes/logback.xml]
14:58:25,701 |-INFO in ch.qos.logback.classic.joran.action.ConfigurationAction - debug attribute not set
14:58:26,476 |-INFO in ch.qos.logback.core.joran.action.AppenderAction - About to instantiate appender of type [ch.qos.logback.core.FileAppender]
14:58:26,498 |-INFO in ch.qos.logback.core.joran.action.AppenderAction - Naming appender as [FILE]
14:58:26,531 |-INFO in ch.qos.logback.core.joran.action.NestedComplexPropertyIA - Assuming default type [ch.qos.logback.classic.encoder.PatternLayoutEncoder] for [encoder] property
14:58:26,599 |-INFO in ch.qos.logback.core.FileAppender[FILE] - File property is set to [logs/application.log]
14:58:26,602 |-INFO in ch.qos.logback.core.joran.action.AppenderAction - About to instantiate appender of type [ch.qos.logback.core.ConsoleAppender]
14:58:26,606 |-INFO in ch.qos.logback.core.joran.action.AppenderAction - Naming appender as [STDOUT]
14:58:26,607 |-INFO in ch.qos.logback.core.joran.action.NestedComplexPropertyIA - Assuming default type [ch.qos.logback.classic.encoder.PatternLayoutEncoder] for [encoder] property
14:58:26,616 |-INFO in ch.qos.logback.classic.joran.action.LoggerAction - Setting level of logger [org.apache.catalina.core] to DEBUG
14:58:26,616 |-INFO in ch.qos.logback.classic.joran.action.LoggerAction - Setting level of logger [org.springframework] to DEBUG
14:58:26,616 |-INFO in ch.qos.logback.classic.joran.action.LoggerAction - Setting level of logger [org.deeplearning4j] to INFO
14:58:26,616 |-INFO in ch.qos.logback.classic.joran.action.LoggerAction - Setting level of logger [org.canova] to INFO
14:58:26,616 |-INFO in ch.qos.logback.classic.joran.action.LoggerAction - Setting level of logger [org.datavec] to INFO
14:58:26,616 |-INFO in ch.qos.logback.classic.joran.action.LoggerAction - Setting level of logger [org.nd4j] to INFO
14:58:26,616 |-INFO in ch.qos.logback.classic.joran.action.LoggerAction - Setting level of logger [opennlp.uima.util] to OFF
14:58:26,617 |-INFO in ch.qos.logback.classic.joran.action.LoggerAction - Setting level of logger [org.apache.uima] to OFF
14:58:26,617 |-INFO in ch.qos.logback.classic.joran.action.LoggerAction - Setting level of logger [org.cleartk] to OFF
14:58:26,617 |-INFO in ch.qos.logback.classic.joran.action.RootLoggerAction - Setting level of ROOT logger to ERROR
14:58:26,617 |-INFO in ch.qos.logback.core.joran.action.AppenderRefAction - Attaching appender named [STDOUT] to Logger[ROOT]
14:58:26,618 |-INFO in ch.qos.logback.core.joran.action.AppenderRefAction - Attaching appender named [FILE] to Logger[ROOT]
14:58:26,618 |-INFO in ch.qos.logback.classic.joran.action.ConfigurationAction - End of configuration.
14:58:26,620 |-INFO in ch.qos.logback.classic.joran.JoranConfigurator@1e13529a - Registering current configuration as safe fallback point

o.d.e.q.m.c.LeNetMNIST - Load data....
o.d.e.q.m.c.LeNetMNIST - Build model....
o.n.l.f.Nd4jBackend - Loaded [CpuBackend] backend
o.n.n.NativeOpsHolder - Number of threads used for linear algebra: 2
o.n.l.c.n.CpuNDArrayFactory - Binary level Generic x86 optimization level AVX/AVX2
o.n.n.Nd4jBlas - Number of threads used for OpenMP BLAS: 2
o.n.l.a.o.e.DefaultOpExecutioner - Backend used: [CPU]; OS: [Windows 10]
o.n.l.a.o.e.DefaultOpExecutioner - Cores: [4]; Memory: [2.0GB];
o.n.l.a.o.e.DefaultOpExecutioner - Blas vendor: [OPENBLAS]
o.n.l.c.n.CpuBackend - Backend build information:
 GCC: "12.1.0"
STD version: 201103L
DEFAULT_ENGINE: samediff::ENGINE_CPU
HAVE_FLATBUFFERS
HAVE_OPENBLAS
o.d.n.m.MultiLayerNetwork - Starting MultiLayerNetwork with WorkspaceModes set to [training: ENABLED; inference: ENABLED], cacheMode set to [NONE]
o.d.e.q.m.c.LeNetMNIST - Train model...
o.d.o.l.ScoreIterationListener - Score at iteration 0 is 2.4743127003263425
o.d.o.l.ScoreIterationListener - Score at iteration 10 is 1.1818001700726937
o.d.o.l.ScoreIterationListener - Score at iteration 20 is 0.5705550419125658
o.d.o.l.ScoreIterationListener - Score at iteration 30 is 0.6281948040539215
o.d.o.l.ScoreIterationListener - Score at iteration 40 is 0.42112339130601983
o.d.o.l.ScoreIterationListener - Score at iteration 50 is 0.4008072373337567
o.d.o.l.ScoreIterationListener - Score at iteration 60 is 0.521642987537145
o.d.o.l.ScoreIterationListener - Score at iteration 70 is 0.46064624778464014
o.d.o.l.ScoreIterationListener - Score at iteration 80 is 0.3794540745274056
o.d.o.l.ScoreIterationListener - Score at iteration 90 is 0.2886408863703044
o.d.o.l.ScoreIterationListener - Score at iteration 100 is 0.47475761895645163
o.d.o.l.ScoreIterationListener - Score at iteration 110 is 0.29471203852366024
o.d.o.l.ScoreIterationListener - Score at iteration 120 is 0.1821895358506583
o.d.o.l.ScoreIterationListener - Score at iteration 130 is 0.396082551504921
o.d.o.l.ScoreIterationListener - Score at iteration 140 is 0.3171356455715383
o.d.o.l.ScoreIterationListener - Score at iteration 150 is 0.30657832882355535
o.d.o.l.ScoreIterationListener - Score at iteration 160 is 0.3273515570396873
o.d.o.l.ScoreIterationListener - Score at iteration 170 is 0.2575661724295517
o.d.o.l.ScoreIterationListener - Score at iteration 180 is 0.3081295368977359
o.d.o.l.ScoreIterationListener - Score at iteration 190 is 0.20516673014374956
o.d.o.l.ScoreIterationListener - Score at iteration 200 is 0.2298068003239813
o.d.o.l.ScoreIterationListener - Score at iteration 210 is 0.19564565251353358
o.d.o.l.ScoreIterationListener - Score at iteration 220 is 0.2873438977266717
o.d.o.l.ScoreIterationListener - Score at iteration 230 is 0.2848802262605582
o.d.o.l.ScoreIterationListener - Score at iteration 240 is 0.2109639743462076
o.d.o.l.ScoreIterationListener - Score at iteration 250 is 0.3317752017082011
o.d.o.l.ScoreIterationListener - Score at iteration 260 is 0.2583050401062571
o.d.o.l.ScoreIterationListener - Score at iteration 270 is 0.19652585432267558
o.d.o.l.ScoreIterationListener - Score at iteration 280 is 0.46063630041079817
o.d.o.l.ScoreIterationListener - Score at iteration 290 is 0.23506193152031468
o.d.o.l.ScoreIterationListener - Score at iteration 300 is 0.21830751927491207
o.d.o.l.ScoreIterationListener - Score at iteration 310 is 0.3053714385036185
o.d.o.l.ScoreIterationListener - Score at iteration 320 is 0.17274627587866354
o.d.o.l.ScoreIterationListener - Score at iteration 330 is 0.25089380308729947
o.d.o.l.ScoreIterationListener - Score at iteration 340 is 0.19034705634911903
o.d.o.l.ScoreIterationListener - Score at iteration 350 is 0.27282921900492035
o.d.o.l.ScoreIterationListener - Score at iteration 360 is 0.35169624672285593
o.d.o.l.ScoreIterationListener - Score at iteration 370 is 0.2965748684728735
o.d.o.l.ScoreIterationListener - Score at iteration 380 is 0.1559621048726946
o.d.o.l.ScoreIterationListener - Score at iteration 390 is 0.19423972047476623
o.d.o.l.ScoreIterationListener - Score at iteration 400 is 0.23076511497255428
o.d.o.l.ScoreIterationListener - Score at iteration 410 is 0.30295429189203915
o.d.o.l.ScoreIterationListener - Score at iteration 420 is 0.2926355891412895
o.d.o.l.ScoreIterationListener - Score at iteration 430 is 0.1762831411759116
o.d.o.l.ScoreIterationListener - Score at iteration 440 is 0.325490255542369
o.d.o.l.ScoreIterationListener - Score at iteration 450 is 0.15105037982118036
o.d.o.l.ScoreIterationListener - Score at iteration 460 is 0.13206266368511427
o.d.o.l.ScoreIterationListener - Score at iteration 470 is 0.1589246523691276
o.d.o.l.ScoreIterationListener - Score at iteration 480 is 0.2270637394567935
o.d.o.l.ScoreIterationListener - Score at iteration 490 is 0.14170925943466706
o.d.o.l.ScoreIterationListener - Score at iteration 500 is 0.18385454045222457
o.d.o.l.ScoreIterationListener - Score at iteration 510 is 0.2963173291247846
o.d.o.l.ScoreIterationListener - Score at iteration 520 is 0.14212562553743593
o.d.o.l.ScoreIterationListener - Score at iteration 530 is 0.2512437864563486
o.d.o.l.ScoreIterationListener - Score at iteration 540 is 0.18207865546706797
o.d.o.l.ScoreIterationListener - Score at iteration 550 is 0.1853724774495036
o.d.o.l.ScoreIterationListener - Score at iteration 560 is 0.16240343069381585
o.d.o.l.ScoreIterationListener - Score at iteration 570 is 0.1520643562169646
o.d.o.l.ScoreIterationListener - Score at iteration 580 is 0.1388689442506246
o.d.o.l.ScoreIterationListener - Score at iteration 590 is 0.1623912680335875
o.d.o.l.ScoreIterationListener - Score at iteration 600 is 0.19018051619944296
o.d.o.l.ScoreIterationListener - Score at iteration 610 is 0.20020373444926226
o.d.o.l.ScoreIterationListener - Score at iteration 620 is 0.20351901178844106
o.d.o.l.ScoreIterationListener - Score at iteration 630 is 0.12338545304422294
o.d.o.l.ScoreIterationListener - Score at iteration 640 is 0.14609381043657205
o.d.o.l.ScoreIterationListener - Score at iteration 650 is 0.23951450919263312
o.d.o.l.ScoreIterationListener - Score at iteration 660 is 0.2395283189692568
o.d.o.l.ScoreIterationListener - Score at iteration 670 is 0.22674012850819372
o.d.o.l.ScoreIterationListener - Score at iteration 680 is 0.17649706982734809
o.d.o.l.ScoreIterationListener - Score at iteration 690 is 0.11814228368050161
o.d.o.l.ScoreIterationListener - Score at iteration 700 is 0.11916142312965299
o.d.o.l.ScoreIterationListener - Score at iteration 710 is 0.11158146746807013
o.d.o.l.ScoreIterationListener - Score at iteration 720 is 0.12067824802073102
o.d.o.l.ScoreIterationListener - Score at iteration 730 is 0.13296024256886835
o.d.o.l.ScoreIterationListener - Score at iteration 740 is 0.27281335392755335
o.d.o.l.ScoreIterationListener - Score at iteration 750 is 0.13224379189789703
o.d.o.l.ScoreIterationListener - Score at iteration 760 is 0.17673956929188556
o.d.o.l.ScoreIterationListener - Score at iteration 770 is 0.14116731178880998
o.d.o.l.ScoreIterationListener - Score at iteration 780 is 0.11191434091309252
o.d.o.l.ScoreIterationListener - Score at iteration 790 is 0.12093376234970225
o.d.o.l.ScoreIterationListener - Score at iteration 800 is 0.1434023069100589
o.d.o.l.ScoreIterationListener - Score at iteration 810 is 0.10979466489433122
o.d.o.l.ScoreIterationListener - Score at iteration 820 is 0.17123422485568404
o.d.o.l.ScoreIterationListener - Score at iteration 830 is 0.12361357915607596
o.d.o.l.ScoreIterationListener - Score at iteration 840 is 0.1455273067507986
o.d.o.l.ScoreIterationListener - Score at iteration 850 is 0.22357152334269687
o.d.o.l.ScoreIterationListener - Score at iteration 860 is 0.16146065106296953
o.d.o.l.ScoreIterationListener - Score at iteration 870 is 0.14652077747909376
o.d.o.l.ScoreIterationListener - Score at iteration 880 is 0.10596656532206136
o.d.o.l.ScoreIterationListener - Score at iteration 890 is 0.15194581309896116
o.d.o.l.ScoreIterationListener - Score at iteration 900 is 0.17741465532236278
o.d.o.l.ScoreIterationListener - Score at iteration 910 is 0.09349311352239074
o.d.o.l.ScoreIterationListener - Score at iteration 920 is 0.23472310540578442
o.d.o.l.ScoreIterationListener - Score at iteration 930 is 0.14197641836477137
o.d.o.l.EvaluativeListener - Starting evaluation nr. 1
o.d.o.l.EvaluativeListener - Reporting evaluation results:
o.d.o.l.EvaluativeListener - Evaluation:


========================Evaluation Metrics========================
 # of classes:    10
 Accuracy:        0.9857
 Precision:       0.9859
 Recall:          0.9854
 F1 Score:        0.9856
Precision, recall & F1: macro-averaged (equally weighted avg. of 10 classes)


=========================Confusion Matrix=========================
    0    1    2    3    4    5    6    7    8    9
---------------------------------------------------
  969    0    2    0    0    0    4    2    2    1 | 0 = 0
    0 1129    2    0    0    1    2    1    0    0 | 1 = 1
    1    0 1026    0    0    0    0    4    1    0 | 2 = 2
    0    0    5 1003    0    0    0    1    1    0 | 3 = 3
    0    0    1    0  974    0    1    0    0    6 | 4 = 4
    2    0    1   20    0  865    1    2    1    0 | 5 = 5
    3    1    1    0    4    2  944    0    3    0 | 6 = 6
    1    2    8    4    2    0    0 1007    0    4 | 7 = 7
    1    0    5    4    2    3    0    1  950    8 | 8 = 8
    0    2    0    8    6    0    0    3    0  990 | 9 = 9

Confusion matrix format: Actual (rowClass) predicted as (columnClass) N times
==================================================================
o.d.e.q.m.c.LeNetMNIST - Saving model to tmp folder: C:\Users\Sugar\AppData\Local\Temp\lenetmnist.zip
o.d.e.q.m.c.LeNetMNIST - ****************Example finished********************
Ending LenetMNIST
Beginning VaeMNISTAnomaly
]]></system-out>
  </testcase>
</testsuite>